0 info it worked if it ends with ok
1 verbose cli [ 'C:\\Program Files (x86)\\Microsoft Visual Studio\\2017\\Community\\Web\\External\\Node.exe',
1 verbose cli   'C:\\Program Files (x86)\\Microsoft Visual Studio\\2017\\Community\\Web\\External\\node_modules\\npm\\bin\\npm-cli.js',
1 verbose cli   'install' ]
2 info using npm@3.3.4
3 info using node@v5.4.1
4 silly loadCurrentTree Starting
5 silly install loadCurrentTree
6 silly install readLocalPackageData
7 silly install normalizeTree
8 silly loadCurrentTree Finishing
9 silly loadIdealTree Starting
10 silly install loadIdealTree
11 silly cloneCurrentTree Starting
12 silly install cloneCurrentTreeToIdealTree
13 silly cloneCurrentTree Finishing
14 silly loadShrinkwrap Starting
15 silly install loadShrinkwrap
16 silly loadShrinkwrap Finishing
17 silly loadAllDepsIntoIdealTree Starting
18 silly install loadAllDepsIntoIdealTree
19 silly fetchNamedPackageData @babel/preset-env
20 silly mapToRegistry name @babel/preset-env
21 silly mapToRegistry scope (from package name) @babel
22 verbose mapToRegistry no registry URL found in name for scope @babel
23 silly mapToRegistry using default registry
24 silly mapToRegistry registry https://registry.npmjs.org/
25 silly mapToRegistry uri https://registry.npmjs.org/@babel%2fpreset-env
26 silly fetchNamedPackageData babel-core
27 silly mapToRegistry name babel-core
28 silly mapToRegistry using default registry
29 silly mapToRegistry registry https://registry.npmjs.org/
30 silly mapToRegistry uri https://registry.npmjs.org/babel-core
31 silly fetchNamedPackageData babel-loader
32 silly mapToRegistry name babel-loader
33 silly mapToRegistry using default registry
34 silly mapToRegistry registry https://registry.npmjs.org/
35 silly mapToRegistry uri https://registry.npmjs.org/babel-loader
36 silly fetchNamedPackageData babel-polyfill
37 silly mapToRegistry name babel-polyfill
38 silly mapToRegistry using default registry
39 silly mapToRegistry registry https://registry.npmjs.org/
40 silly mapToRegistry uri https://registry.npmjs.org/babel-polyfill
41 silly fetchNamedPackageData babel-preset-env
42 silly mapToRegistry name babel-preset-env
43 silly mapToRegistry using default registry
44 silly mapToRegistry registry https://registry.npmjs.org/
45 silly mapToRegistry uri https://registry.npmjs.org/babel-preset-env
46 silly fetchNamedPackageData npm-watch
47 silly mapToRegistry name npm-watch
48 silly mapToRegistry using default registry
49 silly mapToRegistry registry https://registry.npmjs.org/
50 silly mapToRegistry uri https://registry.npmjs.org/npm-watch
51 silly fetchNamedPackageData webpack
52 silly mapToRegistry name webpack
53 silly mapToRegistry using default registry
54 silly mapToRegistry registry https://registry.npmjs.org/
55 silly mapToRegistry uri https://registry.npmjs.org/webpack
56 silly fetchNamedPackageData webpack-cli
57 silly mapToRegistry name webpack-cli
58 silly mapToRegistry using default registry
59 silly mapToRegistry registry https://registry.npmjs.org/
60 silly mapToRegistry uri https://registry.npmjs.org/webpack-cli
61 verbose request uri https://registry.npmjs.org/babel-polyfill
62 verbose request no auth needed
63 info attempt registry request try #1 at 6:34:04 AM
64 verbose request id cf6871290d7adaa2
65 verbose etag W/"1500efdca4ebeee41608bf4d708d439e"
66 verbose lastModified Mon, 13 Jun 2022 04:05:43 GMT
67 http request GET https://registry.npmjs.org/babel-polyfill
68 verbose request uri https://registry.npmjs.org/babel-loader
69 verbose request no auth needed
70 info attempt registry request try #1 at 6:34:04 AM
71 verbose etag W/"b31f24c9b77f261bc0c02d5edd55ee02"
72 verbose lastModified Mon, 13 Jun 2022 04:00:16 GMT
73 http request GET https://registry.npmjs.org/babel-loader
74 verbose request uri https://registry.npmjs.org/babel-core
75 verbose request no auth needed
76 info attempt registry request try #1 at 6:34:04 AM
77 verbose etag W/"52512ae99d88a49db269524936699c74"
78 verbose lastModified Mon, 13 Jun 2022 03:59:48 GMT
79 http request GET https://registry.npmjs.org/babel-core
80 verbose request uri https://registry.npmjs.org/npm-watch
81 verbose request no auth needed
82 info attempt registry request try #1 at 6:34:04 AM
83 verbose etag W/"44beb5ffb215070eab2dd113775f7a2b"
84 verbose lastModified Wed, 22 Jun 2022 09:46:15 GMT
85 http request GET https://registry.npmjs.org/npm-watch
86 verbose request uri https://registry.npmjs.org/@babel%2fpreset-env
87 verbose request no auth needed
88 info attempt registry request try #1 at 6:34:04 AM
89 verbose etag W/"2a99e423c9bf2c2e44e7d2a35ac48d5d"
90 verbose lastModified Tue, 27 Sep 2022 18:36:51 GMT
91 http request GET https://registry.npmjs.org/@babel%2fpreset-env
92 verbose request uri https://registry.npmjs.org/babel-preset-env
93 verbose request no auth needed
94 info attempt registry request try #1 at 6:34:04 AM
95 verbose etag W/"ce28ef57e65c87a54423d6b57bae99ff"
96 verbose lastModified Mon, 13 Jun 2022 04:06:11 GMT
97 http request GET https://registry.npmjs.org/babel-preset-env
98 verbose request uri https://registry.npmjs.org/webpack-cli
99 verbose request no auth needed
100 info attempt registry request try #1 at 6:34:04 AM
101 verbose etag W/"acd31eb91dc45cfee8794be2e0fc9527"
102 verbose lastModified Tue, 28 Jun 2022 23:43:54 GMT
103 http request GET https://registry.npmjs.org/webpack-cli
104 verbose request uri https://registry.npmjs.org/webpack
105 verbose request no auth needed
106 info attempt registry request try #1 at 6:34:04 AM
107 verbose etag W/"94ef4cf778d6682fcf55d83547ebb469"
108 verbose lastModified Sun, 25 Sep 2022 22:09:11 GMT
109 http request GET https://registry.npmjs.org/webpack
110 http 304 https://registry.npmjs.org/webpack-cli
111 verbose headers { date: 'Tue, 04 Oct 2022 01:04:07 GMT',
111 verbose headers   connection: 'keep-alive',
111 verbose headers   'cf-ray': '754a006ccee6f3c9-BOM',
111 verbose headers   'cache-control': 'public, max-age=300',
111 verbose headers   etag: '"acd31eb91dc45cfee8794be2e0fc9527"',
111 verbose headers   'last-modified': 'Tue, 28 Jun 2022 23:43:54 GMT',
111 verbose headers   vary: 'Accept-Encoding',
111 verbose headers   'cf-cache-status': 'REVALIDATED',
111 verbose headers   'x-amz-replication-status': 'COMPLETED',
111 verbose headers   server: 'cloudflare' }
112 silly get cb [ 304,
112 silly get   { date: 'Tue, 04 Oct 2022 01:04:07 GMT',
112 silly get     connection: 'keep-alive',
112 silly get     'cf-ray': '754a006ccee6f3c9-BOM',
112 silly get     'cache-control': 'public, max-age=300',
112 silly get     etag: '"acd31eb91dc45cfee8794be2e0fc9527"',
112 silly get     'last-modified': 'Tue, 28 Jun 2022 23:43:54 GMT',
112 silly get     vary: 'Accept-Encoding',
112 silly get     'cf-cache-status': 'REVALIDATED',
112 silly get     'x-amz-replication-status': 'COMPLETED',
112 silly get     server: 'cloudflare' } ]
113 verbose etag https://registry.npmjs.org/webpack-cli from cache
114 verbose get saving webpack-cli to C:\Users\Mandar\AppData\Roaming\npm-cache\registry.npmjs.org\webpack-cli\.cache.json
115 silly resolveWithNewModule webpack-cli@3.3.12 checking installable status
116 warn engine webpack-cli@3.3.12: wanted: {"node":">=6.11.5"} (current: {"node":"5.4.1","npm":"3.3.4"})
117 silly cache add args [ 'webpack-cli@^3.3.11', null ]
118 verbose cache add spec webpack-cli@^3.3.11
119 silly cache add parsed spec Result {
119 silly cache add   raw: 'webpack-cli@^3.3.11',
119 silly cache add   scope: null,
119 silly cache add   name: 'webpack-cli',
119 silly cache add   rawSpec: '^3.3.11',
119 silly cache add   spec: '>=3.3.11-0 <4.0.0-0',
119 silly cache add   type: 'range' }
120 silly addNamed webpack-cli@>=3.3.11-0 <4.0.0-0
121 verbose addNamed ">=3.3.11-0 <4.0.0-0" is a valid semver range for webpack-cli
122 silly addNameRange { name: 'webpack-cli',
122 silly addNameRange   range: '>=3.3.11-0 <4.0.0-0',
122 silly addNameRange   hasData: false }
123 silly mapToRegistry name webpack-cli
124 silly mapToRegistry using default registry
125 silly mapToRegistry registry https://registry.npmjs.org/
126 silly mapToRegistry uri https://registry.npmjs.org/webpack-cli
127 verbose addNameRange registry:https://registry.npmjs.org/webpack-cli not in flight; fetching
128 verbose get https://registry.npmjs.org/webpack-cli not expired, no request
129 silly addNameRange number 2 { name: 'webpack-cli',
129 silly addNameRange   range: '>=3.3.11-0 <4.0.0-0',
129 silly addNameRange   hasData: true }
130 silly addNameRange versions [ 'webpack-cli',
130 silly addNameRange   [ '1.0.0',
130 silly addNameRange     '1.3.0',
130 silly addNameRange     '1.3.1',
130 silly addNameRange     '1.3.2',
130 silly addNameRange     '1.3.3',
130 silly addNameRange     '1.3.4',
130 silly addNameRange     '1.3.5',
130 silly addNameRange     '1.3.7',
130 silly addNameRange     '1.3.8',
130 silly addNameRange     '1.3.9',
130 silly addNameRange     '1.4.0',
130 silly addNameRange     '1.4.1',
130 silly addNameRange     '1.4.2',
130 silly addNameRange     '1.4.3',
130 silly addNameRange     '1.4.4',
130 silly addNameRange     '1.4.5',
130 silly addNameRange     '1.4.6',
130 silly addNameRange     '1.4.7',
130 silly addNameRange     '1.4.8',
130 silly addNameRange     '1.5.0',
130 silly addNameRange     '1.5.1',
130 silly addNameRange     '1.5.2',
130 silly addNameRange     '1.5.3',
130 silly addNameRange     '2.0.0',
130 silly addNameRange     '2.0.1',
130 silly addNameRange     '2.0.2',
130 silly addNameRange     '2.0.3',
130 silly addNameRange     '2.0.4',
130 silly addNameRange     '2.0.5',
130 silly addNameRange     '2.0.6',
130 silly addNameRange     '2.0.7',
130 silly addNameRange     '2.0.8',
130 silly addNameRange     '2.0.9',
130 silly addNameRange     '2.0.10',
130 silly addNameRange     '2.0.11',
130 silly addNameRange     '2.0.12',
130 silly addNameRange     '2.0.13',
130 silly addNameRange     '2.0.14',
130 silly addNameRange     '2.0.15',
130 silly addNameRange     '2.1.0',
130 silly addNameRange     '2.1.1',
130 silly addNameRange     '2.1.2',
130 silly addNameRange     '2.1.3',
130 silly addNameRange     '0.0.0-development',
130 silly addNameRange     '0.0.1-development',
130 silly addNameRange     '0.0.2-development',
130 silly addNameRange     '0.0.3-development',
130 silly addNameRange     '0.0.4-development',
130 silly addNameRange     '0.0.5-development',
130 silly addNameRange     '0.0.6-development',
130 silly addNameRange     '0.0.7-development',
130 silly addNameRange     '0.0.8-development',
130 silly addNameRange     '2.1.4',
130 silly addNameRange     '2.1.5',
130 silly addNameRange     '3.0.0',
130 silly addNameRange     '3.0.1',
130 silly addNameRange     '3.0.2',
130 silly addNameRange     '3.0.3',
130 silly addNameRange     '3.0.4',
130 silly addNameRange     '3.0.5',
130 silly addNameRange     '3.0.6',
130 silly addNameRange     '3.0.7',
130 silly addNameRange     '3.0.8',
130 silly addNameRange     '3.1.0',
130 silly addNameRange     '3.1.1',
130 silly addNameRange     '3.1.2',
130 silly addNameRange     '4.0.0-alpha',
130 silly addNameRange     '4.0.0-alpha-1',
130 silly addNameRange     '4.0.0-alpha-2',
130 silly addNameRange     '4.0.0-alpha-3',
130 silly addNameRange     '4.0.0-alpha-4',
130 silly addNameRange     '3.2.0',
130 silly addNameRange     '3.2.1',
130 silly addNameRange     '3.2.2',
130 silly addNameRange     '3.2.3',
130 silly addNameRange     '3.3.0',
130 silly addNameRange     '3.3.1',
130 silly addNameRange     '3.3.2',
130 silly addNameRange     '3.3.3',
130 silly addNameRange     '3.3.4',
130 silly addNameRange     '3.3.5',
130 silly addNameRange     '4.0.0-alpha-5',
130 silly addNameRange     '3.3.6',
130 silly addNameRange     '3.3.7',
130 silly addNameRange     '3.3.8',
130 silly addNameRange     '3.3.9',
130 silly addNameRange     '3.3.10',
130 silly addNameRange     '4.0.0-beta.0',
130 silly addNameRange     '4.0.0-beta.1',
130 silly addNameRange     '4.0.0-beta.2',
130 silly addNameRange     '4.0.0-beta.3',
130 silly addNameRange     '3.3.11',
130 silly addNameRange     '4.0.0-beta.6',
130 silly addNameRange     '4.0.0-beta.7',
130 silly addNameRange     '4.0.0-beta.8',
130 silly addNameRange     '3.3.12',
130 silly addNameRange     '4.0.0-beta.9',
130 silly addNameRange     '4.0.0-rc.0',
130 silly addNameRange     '4.0.0-rc.1',
130 silly addNameRange     '4.0.0',
130 silly addNameRange     '4.1.0',
130 silly addNameRange     '4.2.0',
130 silly addNameRange     '4.3.0',
130 silly addNameRange     '4.3.1',
130 silly addNameRange     '4.4.0',
130 silly addNameRange     '4.5.0',
130 silly addNameRange     '4.6.0',
130 silly addNameRange     '4.7.0',
130 silly addNameRange     '4.7.1',
130 silly addNameRange     '4.7.2',
130 silly addNameRange     '4.8.0',
130 silly addNameRange     '4.9.0',
130 silly addNameRange     '4.9.1',
130 silly addNameRange     '4.9.2',
130 silly addNameRange     '4.10.0' ] ]
131 silly addNamed webpack-cli@3.3.12
132 verbose addNamed "3.3.12" is a plain semver version for webpack-cli
133 silly cache afterAdd webpack-cli@3.3.12
134 verbose afterAdd C:\Users\Mandar\AppData\Roaming\npm-cache\webpack-cli\3.3.12\package\package.json not in flight; writing
135 verbose afterAdd C:\Users\Mandar\AppData\Roaming\npm-cache\webpack-cli\3.3.12\package\package.json written
136 http 304 https://registry.npmjs.org/npm-watch
137 verbose headers { date: 'Tue, 04 Oct 2022 01:04:08 GMT',
137 verbose headers   connection: 'keep-alive',
137 verbose headers   'cf-ray': '754a006ccdc08566-BOM',
137 verbose headers   'cache-control': 'public, max-age=300',
137 verbose headers   etag: '"44beb5ffb215070eab2dd113775f7a2b"',
137 verbose headers   'last-modified': 'Wed, 22 Jun 2022 09:46:15 GMT',
137 verbose headers   vary: 'Accept-Encoding',
137 verbose headers   'cf-cache-status': 'REVALIDATED',
137 verbose headers   'x-amz-replication-status': 'COMPLETED',
137 verbose headers   server: 'cloudflare' }
138 silly get cb [ 304,
138 silly get   { date: 'Tue, 04 Oct 2022 01:04:08 GMT',
138 silly get     connection: 'keep-alive',
138 silly get     'cf-ray': '754a006ccdc08566-BOM',
138 silly get     'cache-control': 'public, max-age=300',
138 silly get     etag: '"44beb5ffb215070eab2dd113775f7a2b"',
138 silly get     'last-modified': 'Wed, 22 Jun 2022 09:46:15 GMT',
138 silly get     vary: 'Accept-Encoding',
138 silly get     'cf-cache-status': 'REVALIDATED',
138 silly get     'x-amz-replication-status': 'COMPLETED',
138 silly get     server: 'cloudflare' } ]
139 verbose etag https://registry.npmjs.org/npm-watch from cache
140 verbose get saving npm-watch to C:\Users\Mandar\AppData\Roaming\npm-cache\registry.npmjs.org\npm-watch\.cache.json
141 http 304 https://registry.npmjs.org/babel-preset-env
142 verbose headers { date: 'Tue, 04 Oct 2022 01:04:08 GMT',
142 verbose headers   connection: 'keep-alive',
142 verbose headers   'cf-ray': '754a006cd97b85df-BOM',
142 verbose headers   'cache-control': 'public, max-age=300',
142 verbose headers   etag: '"ce28ef57e65c87a54423d6b57bae99ff"',
142 verbose headers   'last-modified': 'Mon, 13 Jun 2022 04:06:11 GMT',
142 verbose headers   vary: 'Accept-Encoding',
142 verbose headers   'cf-cache-status': 'REVALIDATED',
142 verbose headers   'x-amz-replication-status': 'COMPLETED',
142 verbose headers   server: 'cloudflare' }
143 silly get cb [ 304,
143 silly get   { date: 'Tue, 04 Oct 2022 01:04:08 GMT',
143 silly get     connection: 'keep-alive',
143 silly get     'cf-ray': '754a006cd97b85df-BOM',
143 silly get     'cache-control': 'public, max-age=300',
143 silly get     etag: '"ce28ef57e65c87a54423d6b57bae99ff"',
143 silly get     'last-modified': 'Mon, 13 Jun 2022 04:06:11 GMT',
143 silly get     vary: 'Accept-Encoding',
143 silly get     'cf-cache-status': 'REVALIDATED',
143 silly get     'x-amz-replication-status': 'COMPLETED',
143 silly get     server: 'cloudflare' } ]
144 verbose etag https://registry.npmjs.org/babel-preset-env from cache
145 verbose get saving babel-preset-env to C:\Users\Mandar\AppData\Roaming\npm-cache\registry.npmjs.org\babel-preset-env\.cache.json
146 http 304 https://registry.npmjs.org/babel-polyfill
147 verbose headers { date: 'Tue, 04 Oct 2022 01:04:08 GMT',
147 verbose headers   connection: 'keep-alive',
147 verbose headers   'cf-ray': '754a006cbc3cf2f3-BOM',
147 verbose headers   'cache-control': 'public, max-age=300',
147 verbose headers   etag: '"1500efdca4ebeee41608bf4d708d439e"',
147 verbose headers   'last-modified': 'Mon, 13 Jun 2022 04:05:43 GMT',
147 verbose headers   vary: 'Accept-Encoding',
147 verbose headers   'cf-cache-status': 'REVALIDATED',
147 verbose headers   'x-amz-replication-status': 'COMPLETED',
147 verbose headers   server: 'cloudflare' }
148 silly get cb [ 304,
148 silly get   { date: 'Tue, 04 Oct 2022 01:04:08 GMT',
148 silly get     connection: 'keep-alive',
148 silly get     'cf-ray': '754a006cbc3cf2f3-BOM',
148 silly get     'cache-control': 'public, max-age=300',
148 silly get     etag: '"1500efdca4ebeee41608bf4d708d439e"',
148 silly get     'last-modified': 'Mon, 13 Jun 2022 04:05:43 GMT',
148 silly get     vary: 'Accept-Encoding',
148 silly get     'cf-cache-status': 'REVALIDATED',
148 silly get     'x-amz-replication-status': 'COMPLETED',
148 silly get     server: 'cloudflare' } ]
149 verbose etag https://registry.npmjs.org/babel-polyfill from cache
150 verbose get saving babel-polyfill to C:\Users\Mandar\AppData\Roaming\npm-cache\registry.npmjs.org\babel-polyfill\.cache.json
151 http 304 https://registry.npmjs.org/babel-loader
152 verbose headers { date: 'Tue, 04 Oct 2022 01:04:08 GMT',
152 verbose headers   connection: 'keep-alive',
152 verbose headers   'cf-ray': '754a006cdd0d8590-BOM',
152 verbose headers   'cache-control': 'public, max-age=300',
152 verbose headers   etag: '"b31f24c9b77f261bc0c02d5edd55ee02"',
152 verbose headers   'last-modified': 'Mon, 13 Jun 2022 04:00:16 GMT',
152 verbose headers   vary: 'Accept-Encoding',
152 verbose headers   'cf-cache-status': 'MISS',
152 verbose headers   'x-amz-replication-status': 'COMPLETED',
152 verbose headers   server: 'cloudflare' }
153 silly get cb [ 304,
153 silly get   { date: 'Tue, 04 Oct 2022 01:04:08 GMT',
153 silly get     connection: 'keep-alive',
153 silly get     'cf-ray': '754a006cdd0d8590-BOM',
153 silly get     'cache-control': 'public, max-age=300',
153 silly get     etag: '"b31f24c9b77f261bc0c02d5edd55ee02"',
153 silly get     'last-modified': 'Mon, 13 Jun 2022 04:00:16 GMT',
153 silly get     vary: 'Accept-Encoding',
153 silly get     'cf-cache-status': 'MISS',
153 silly get     'x-amz-replication-status': 'COMPLETED',
153 silly get     server: 'cloudflare' } ]
154 verbose etag https://registry.npmjs.org/babel-loader from cache
155 verbose get saving babel-loader to C:\Users\Mandar\AppData\Roaming\npm-cache\registry.npmjs.org\babel-loader\.cache.json
156 http 304 https://registry.npmjs.org/babel-core
157 verbose headers { date: 'Tue, 04 Oct 2022 01:04:08 GMT',
157 verbose headers   connection: 'keep-alive',
157 verbose headers   'cf-ray': '754a006cced4f3c5-BOM',
157 verbose headers   'cache-control': 'public, max-age=300',
157 verbose headers   etag: '"52512ae99d88a49db269524936699c74"',
157 verbose headers   'last-modified': 'Mon, 13 Jun 2022 03:59:48 GMT',
157 verbose headers   vary: 'Accept-Encoding',
157 verbose headers   'cf-cache-status': 'REVALIDATED',
157 verbose headers   'x-amz-replication-status': 'COMPLETED',
157 verbose headers   server: 'cloudflare' }
158 silly get cb [ 304,
158 silly get   { date: 'Tue, 04 Oct 2022 01:04:08 GMT',
158 silly get     connection: 'keep-alive',
158 silly get     'cf-ray': '754a006cced4f3c5-BOM',
158 silly get     'cache-control': 'public, max-age=300',
158 silly get     etag: '"52512ae99d88a49db269524936699c74"',
158 silly get     'last-modified': 'Mon, 13 Jun 2022 03:59:48 GMT',
158 silly get     vary: 'Accept-Encoding',
158 silly get     'cf-cache-status': 'REVALIDATED',
158 silly get     'x-amz-replication-status': 'COMPLETED',
158 silly get     server: 'cloudflare' } ]
159 verbose etag https://registry.npmjs.org/babel-core from cache
160 verbose get saving babel-core to C:\Users\Mandar\AppData\Roaming\npm-cache\registry.npmjs.org\babel-core\.cache.json
161 http 304 https://registry.npmjs.org/webpack
162 verbose headers { date: 'Tue, 04 Oct 2022 01:04:08 GMT',
162 verbose headers   connection: 'keep-alive',
162 verbose headers   'cf-ray': '754a006cc9c6f409-BOM',
162 verbose headers   'cache-control': 'public, max-age=300',
162 verbose headers   etag: '"94ef4cf778d6682fcf55d83547ebb469"',
162 verbose headers   'last-modified': 'Sun, 25 Sep 2022 22:09:11 GMT',
162 verbose headers   vary: 'Accept-Encoding',
162 verbose headers   'cf-cache-status': 'REVALIDATED',
162 verbose headers   'x-amz-replication-status': 'COMPLETED',
162 verbose headers   server: 'cloudflare' }
163 silly get cb [ 304,
163 silly get   { date: 'Tue, 04 Oct 2022 01:04:08 GMT',
163 silly get     connection: 'keep-alive',
163 silly get     'cf-ray': '754a006cc9c6f409-BOM',
163 silly get     'cache-control': 'public, max-age=300',
163 silly get     etag: '"94ef4cf778d6682fcf55d83547ebb469"',
163 silly get     'last-modified': 'Sun, 25 Sep 2022 22:09:11 GMT',
163 silly get     vary: 'Accept-Encoding',
163 silly get     'cf-cache-status': 'REVALIDATED',
163 silly get     'x-amz-replication-status': 'COMPLETED',
163 silly get     server: 'cloudflare' } ]
164 verbose etag https://registry.npmjs.org/webpack from cache
165 verbose get saving webpack to C:\Users\Mandar\AppData\Roaming\npm-cache\registry.npmjs.org\webpack\.cache.json
166 silly resolveWithNewModule npm-watch@0.6.0 checking installable status
167 silly cache add args [ 'npm-watch@^0.6.0', null ]
168 verbose cache add spec npm-watch@^0.6.0
169 silly cache add parsed spec Result {
169 silly cache add   raw: 'npm-watch@^0.6.0',
169 silly cache add   scope: null,
169 silly cache add   name: 'npm-watch',
169 silly cache add   rawSpec: '^0.6.0',
169 silly cache add   spec: '>=0.6.0-0 <0.7.0-0',
169 silly cache add   type: 'range' }
170 silly addNamed npm-watch@>=0.6.0-0 <0.7.0-0
171 verbose addNamed ">=0.6.0-0 <0.7.0-0" is a valid semver range for npm-watch
172 silly addNameRange { name: 'npm-watch',
172 silly addNameRange   range: '>=0.6.0-0 <0.7.0-0',
172 silly addNameRange   hasData: false }
173 silly mapToRegistry name npm-watch
174 silly mapToRegistry using default registry
175 silly mapToRegistry registry https://registry.npmjs.org/
176 silly mapToRegistry uri https://registry.npmjs.org/npm-watch
177 verbose addNameRange registry:https://registry.npmjs.org/npm-watch not in flight; fetching
178 silly resolveWithNewModule babel-polyfill@6.26.0 checking installable status
179 silly cache add args [ 'babel-polyfill@^6.26.0', null ]
180 verbose cache add spec babel-polyfill@^6.26.0
181 silly cache add parsed spec Result {
181 silly cache add   raw: 'babel-polyfill@^6.26.0',
181 silly cache add   scope: null,
181 silly cache add   name: 'babel-polyfill',
181 silly cache add   rawSpec: '^6.26.0',
181 silly cache add   spec: '>=6.26.0-0 <7.0.0-0',
181 silly cache add   type: 'range' }
182 silly addNamed babel-polyfill@>=6.26.0-0 <7.0.0-0
183 verbose addNamed ">=6.26.0-0 <7.0.0-0" is a valid semver range for babel-polyfill
184 silly addNameRange { name: 'babel-polyfill',
184 silly addNameRange   range: '>=6.26.0-0 <7.0.0-0',
184 silly addNameRange   hasData: false }
185 silly mapToRegistry name babel-polyfill
186 silly mapToRegistry using default registry
187 silly mapToRegistry registry https://registry.npmjs.org/
188 silly mapToRegistry uri https://registry.npmjs.org/babel-polyfill
189 verbose addNameRange registry:https://registry.npmjs.org/babel-polyfill not in flight; fetching
190 silly resolveWithNewModule babel-preset-env@1.7.0 checking installable status
191 silly cache add args [ 'babel-preset-env@^1.7.0', null ]
192 verbose cache add spec babel-preset-env@^1.7.0
193 silly cache add parsed spec Result {
193 silly cache add   raw: 'babel-preset-env@^1.7.0',
193 silly cache add   scope: null,
193 silly cache add   name: 'babel-preset-env',
193 silly cache add   rawSpec: '^1.7.0',
193 silly cache add   spec: '>=1.7.0-0 <2.0.0-0',
193 silly cache add   type: 'range' }
194 silly addNamed babel-preset-env@>=1.7.0-0 <2.0.0-0
195 verbose addNamed ">=1.7.0-0 <2.0.0-0" is a valid semver range for babel-preset-env
196 silly addNameRange { name: 'babel-preset-env',
196 silly addNameRange   range: '>=1.7.0-0 <2.0.0-0',
196 silly addNameRange   hasData: false }
197 silly mapToRegistry name babel-preset-env
198 silly mapToRegistry using default registry
199 silly mapToRegistry registry https://registry.npmjs.org/
200 silly mapToRegistry uri https://registry.npmjs.org/babel-preset-env
201 verbose addNameRange registry:https://registry.npmjs.org/babel-preset-env not in flight; fetching
202 silly resolveWithNewModule babel-loader@8.2.5 checking installable status
203 warn engine babel-loader@8.2.5: wanted: {"node":">= 8.9"} (current: {"node":"5.4.1","npm":"3.3.4"})
204 silly cache add args [ 'babel-loader@^8.1.0', null ]
205 verbose cache add spec babel-loader@^8.1.0
206 silly cache add parsed spec Result {
206 silly cache add   raw: 'babel-loader@^8.1.0',
206 silly cache add   scope: null,
206 silly cache add   name: 'babel-loader',
206 silly cache add   rawSpec: '^8.1.0',
206 silly cache add   spec: '>=8.1.0-0 <9.0.0-0',
206 silly cache add   type: 'range' }
207 silly addNamed babel-loader@>=8.1.0-0 <9.0.0-0
208 verbose addNamed ">=8.1.0-0 <9.0.0-0" is a valid semver range for babel-loader
209 silly addNameRange { name: 'babel-loader',
209 silly addNameRange   range: '>=8.1.0-0 <9.0.0-0',
209 silly addNameRange   hasData: false }
210 silly mapToRegistry name babel-loader
211 silly mapToRegistry using default registry
212 silly mapToRegistry registry https://registry.npmjs.org/
213 silly mapToRegistry uri https://registry.npmjs.org/babel-loader
214 verbose addNameRange registry:https://registry.npmjs.org/babel-loader not in flight; fetching
215 verbose get https://registry.npmjs.org/npm-watch not expired, no request
216 silly addNameRange number 2 { name: 'npm-watch', range: '>=0.6.0-0 <0.7.0-0', hasData: true }
217 silly addNameRange versions [ 'npm-watch',
217 silly addNameRange   [ '0.0.0',
217 silly addNameRange     '0.0.1',
217 silly addNameRange     '0.0.2',
217 silly addNameRange     '0.0.3-pre',
217 silly addNameRange     '0.0.3',
217 silly addNameRange     '0.0.4-0',
217 silly addNameRange     '0.1.1',
217 silly addNameRange     '0.1.2',
217 silly addNameRange     '0.1.3',
217 silly addNameRange     '0.1.4',
217 silly addNameRange     '0.1.5',
217 silly addNameRange     '0.1.6',
217 silly addNameRange     '0.1.7',
217 silly addNameRange     '0.1.8',
217 silly addNameRange     '0.1.9',
217 silly addNameRange     '0.2.0',
217 silly addNameRange     '0.3.0',
217 silly addNameRange     '0.4.0',
217 silly addNameRange     '0.5.0',
217 silly addNameRange     '0.6.0',
217 silly addNameRange     '0.7.0',
217 silly addNameRange     '0.8.0',
217 silly addNameRange     '0.9.0',
217 silly addNameRange     '0.10.0',
217 silly addNameRange     '0.11.0' ] ]
218 silly addNamed npm-watch@0.6.0
219 verbose addNamed "0.6.0" is a plain semver version for npm-watch
220 verbose get https://registry.npmjs.org/babel-polyfill not expired, no request
221 silly addNameRange number 2 { name: 'babel-polyfill',
221 silly addNameRange   range: '>=6.26.0-0 <7.0.0-0',
221 silly addNameRange   hasData: true }
222 silly addNameRange versions [ 'babel-polyfill',
222 silly addNameRange   [ '6.0.2',
222 silly addNameRange     '6.0.14',
222 silly addNameRange     '6.0.16',
222 silly addNameRange     '6.1.4',
222 silly addNameRange     '6.1.17',
222 silly addNameRange     '6.1.18',
222 silly addNameRange     '6.1.19',
222 silly addNameRange     '6.2.0',
222 silly addNameRange     '6.2.4',
222 silly addNameRange     '6.3.13',
222 silly addNameRange     '6.3.14',
222 silly addNameRange     '6.5.0',
222 silly addNameRange     '6.5.0-1',
222 silly addNameRange     '6.6.0',
222 silly addNameRange     '6.6.1',
222 silly addNameRange     '6.7.2',
222 silly addNameRange     '6.7.4',
222 silly addNameRange     '6.8.0',
222 silly addNameRange     '6.9.0',
222 silly addNameRange     '6.9.1',
222 silly addNameRange     '6.13.0',
222 silly addNameRange     '6.16.0',
222 silly addNameRange     '6.20.0',
222 silly addNameRange     '6.22.0',
222 silly addNameRange     '6.23.0',
222 silly addNameRange     '7.0.0-alpha.1',
222 silly addNameRange     '7.0.0-alpha.3',
222 silly addNameRange     '7.0.0-alpha.7',
222 silly addNameRange     '7.0.0-alpha.9',
222 silly addNameRange     '7.0.0-alpha.12',
222 silly addNameRange     '7.0.0-alpha.14',
222 silly addNameRange     '7.0.0-alpha.15',
222 silly addNameRange     '7.0.0-alpha.16',
222 silly addNameRange     '7.0.0-alpha.17',
222 silly addNameRange     '7.0.0-alpha.18',
222 silly addNameRange     '7.0.0-alpha.19',
222 silly addNameRange     '6.26.0',
222 silly addNameRange     '7.0.0-alpha.20',
222 silly addNameRange     '7.0.0-beta.0',
222 silly addNameRange     '7.0.0-beta.1',
222 silly addNameRange     '7.0.0-beta.2',
222 silly addNameRange     '7.0.0-beta.3' ] ]
223 silly addNamed babel-polyfill@6.26.0
224 verbose addNamed "6.26.0" is a plain semver version for babel-polyfill
225 verbose get https://registry.npmjs.org/babel-preset-env not expired, no request
226 silly addNameRange number 2 { name: 'babel-preset-env',
226 silly addNameRange   range: '>=1.7.0-0 <2.0.0-0',
226 silly addNameRange   hasData: true }
227 silly addNameRange versions [ 'babel-preset-env',
227 silly addNameRange   [ '0.0.0',
227 silly addNameRange     '0.0.1',
227 silly addNameRange     '0.0.2',
227 silly addNameRange     '0.0.3',
227 silly addNameRange     '0.0.4',
227 silly addNameRange     '0.0.5',
227 silly addNameRange     '0.0.6',
227 silly addNameRange     '0.0.7',
227 silly addNameRange     '0.0.8',
227 silly addNameRange     '0.0.9',
227 silly addNameRange     '1.0.0',
227 silly addNameRange     '1.0.1',
227 silly addNameRange     '1.0.2',
227 silly addNameRange     '1.1.0',
227 silly addNameRange     '1.1.1',
227 silly addNameRange     '1.1.2',
227 silly addNameRange     '1.1.3',
227 silly addNameRange     '1.1.4',
227 silly addNameRange     '1.1.5',
227 silly addNameRange     '1.1.6',
227 silly addNameRange     '1.1.7',
227 silly addNameRange     '1.1.8',
227 silly addNameRange     '1.1.9',
227 silly addNameRange     '1.1.10',
227 silly addNameRange     '1.1.11',
227 silly addNameRange     '2.0.0-alpha.1',
227 silly addNameRange     '1.2.0',
227 silly addNameRange     '1.2.1',
227 silly addNameRange     '1.2.2',
227 silly addNameRange     '2.0.0-alpha.3',
227 silly addNameRange     '1.3.0',
227 silly addNameRange     '1.3.1',
227 silly addNameRange     '1.3.2',
227 silly addNameRange     '2.0.0-alpha.4',
227 silly addNameRange     '1.3.3',
227 silly addNameRange     '2.0.0-alpha.5',
227 silly addNameRange     '1.4.0',
227 silly addNameRange     '2.0.0-alpha.6',
227 silly addNameRange     '2.0.0-alpha.7',
227 silly addNameRange     '1.5.0',
227 silly addNameRange     '1.5.1',
227 silly addNameRange     '2.0.0-alpha.12',
227 silly addNameRange     '1.5.2',
227 silly addNameRange     '1.6.0',
227 silly addNameRange     '2.0.0-alpha.15',
227 silly addNameRange     '2.0.0-alpha.16',
227 silly addNameRange     '2.0.0-alpha.17',
227 silly addNameRange     '2.0.0-alpha.18',
227 silly addNameRange     '2.0.0-alpha.19',
227 silly addNameRange     '2.0.0-alpha.20',
227 silly addNameRange     '2.0.0-beta.0',
227 silly addNameRange     '2.0.0-beta.1',
227 silly addNameRange     '2.0.0-beta.2',
227 silly addNameRange     '7.0.0-beta.3',
227 silly addNameRange     '1.6.1',
227 silly addNameRange     '1.7.0' ] ]
228 silly addNamed babel-preset-env@1.7.0
229 verbose addNamed "1.7.0" is a plain semver version for babel-preset-env
230 silly resolveWithNewModule babel-core@6.26.3 checking installable status
231 silly cache add args [ 'babel-core@^6.26.3', null ]
232 verbose cache add spec babel-core@^6.26.3
233 silly cache add parsed spec Result {
233 silly cache add   raw: 'babel-core@^6.26.3',
233 silly cache add   scope: null,
233 silly cache add   name: 'babel-core',
233 silly cache add   rawSpec: '^6.26.3',
233 silly cache add   spec: '>=6.26.3-0 <7.0.0-0',
233 silly cache add   type: 'range' }
234 silly addNamed babel-core@>=6.26.3-0 <7.0.0-0
235 verbose addNamed ">=6.26.3-0 <7.0.0-0" is a valid semver range for babel-core
236 silly addNameRange { name: 'babel-core',
236 silly addNameRange   range: '>=6.26.3-0 <7.0.0-0',
236 silly addNameRange   hasData: false }
237 silly mapToRegistry name babel-core
238 silly mapToRegistry using default registry
239 silly mapToRegistry registry https://registry.npmjs.org/
240 silly mapToRegistry uri https://registry.npmjs.org/babel-core
241 verbose addNameRange registry:https://registry.npmjs.org/babel-core not in flight; fetching
242 verbose get https://registry.npmjs.org/babel-loader not expired, no request
243 silly addNameRange number 2 { name: 'babel-loader',
243 silly addNameRange   range: '>=8.1.0-0 <9.0.0-0',
243 silly addNameRange   hasData: true }
244 silly addNameRange versions [ 'babel-loader',
244 silly addNameRange   [ '4.0.0',
244 silly addNameRange     '4.1.0',
244 silly addNameRange     '4.2.0',
244 silly addNameRange     '4.3.0',
244 silly addNameRange     '5.0.0',
244 silly addNameRange     '5.1.0',
244 silly addNameRange     '5.1.2',
244 silly addNameRange     '5.1.3',
244 silly addNameRange     '5.1.4',
244 silly addNameRange     '5.2.0',
244 silly addNameRange     '5.2.1',
244 silly addNameRange     '5.2.2',
244 silly addNameRange     '5.3.0',
244 silly addNameRange     '5.3.1',
244 silly addNameRange     '5.3.2',
244 silly addNameRange     '5.3.3',
244 silly addNameRange     '6.0.0',
244 silly addNameRange     '6.0.1',
244 silly addNameRange     '6.1.0',
244 silly addNameRange     '5.4.0',
244 silly addNameRange     '6.2.0',
244 silly addNameRange     '6.2.1',
244 silly addNameRange     '6.2.2',
244 silly addNameRange     '6.2.3',
244 silly addNameRange     '6.2.4',
244 silly addNameRange     '5.4.1',
244 silly addNameRange     '5.4.2',
244 silly addNameRange     '6.2.5',
244 silly addNameRange     '6.2.6',
244 silly addNameRange     '6.2.7',
244 silly addNameRange     '6.2.8',
244 silly addNameRange     '6.2.9',
244 silly addNameRange     '6.2.10',
244 silly addNameRange     '6.3.0',
244 silly addNameRange     '6.3.1',
244 silly addNameRange     '6.3.2',
244 silly addNameRange     '7.0.0-alpha.1',
244 silly addNameRange     '6.4.0',
244 silly addNameRange     '7.0.0-alpha.2',
244 silly addNameRange     '7.0.0-alpha.3',
244 silly addNameRange     '6.4.1',
244 silly addNameRange     '7.0.0-beta.1',
244 silly addNameRange     '7.0.0',
244 silly addNameRange     '7.1.0',
244 silly addNameRange     '7.1.1',
244 silly addNameRange     '7.1.2',
244 silly addNameRange     '8.0.0-beta.0',
244 silly addNameRange     '7.1.3',
244 silly addNameRange     '8.0.0-beta.1',
244 silly addNameRange     '8.0.0-beta.2',
244 silly addNameRange     '7.1.4',
244 silly addNameRange     '8.0.0-beta.3',
244 silly addNameRange     '8.0.0-beta.4',
244 silly addNameRange     '7.1.5',
244 silly addNameRange     '8.0.0-beta.5',
244 silly addNameRange     '8.0.0-beta.6',
244 silly addNameRange     '8.0.0',
244 silly addNameRange     '8.0.1',
244 silly addNameRange     '8.0.2',
244 silly addNameRange     '8.0.3',
244 silly addNameRange     '8.0.4',
244 silly addNameRange     '8.0.5',
244 silly addNameRange     '8.0.6',
244 silly addNameRange     '8.1.0',
244 silly addNameRange     '8.2.0',
244 silly addNameRange     '8.2.1',
244 silly addNameRange     '8.2.2',
244 silly addNameRange     '8.2.3',
244 silly addNameRange     '8.2.4',
244 silly addNameRange     '8.2.5' ] ]
245 silly addNamed babel-loader@8.2.5
246 verbose addNamed "8.2.5" is a plain semver version for babel-loader
247 silly resolveWithNewModule webpack@4.46.0 checking installable status
248 warn engine webpack@4.46.0: wanted: {"node":">=6.11.5"} (current: {"node":"5.4.1","npm":"3.3.4"})
249 silly cache add args [ 'webpack@^4.43.0', null ]
250 verbose cache add spec webpack@^4.43.0
251 silly cache add parsed spec Result {
251 silly cache add   raw: 'webpack@^4.43.0',
251 silly cache add   scope: null,
251 silly cache add   name: 'webpack',
251 silly cache add   rawSpec: '^4.43.0',
251 silly cache add   spec: '>=4.43.0-0 <5.0.0-0',
251 silly cache add   type: 'range' }
252 silly addNamed webpack@>=4.43.0-0 <5.0.0-0
253 verbose addNamed ">=4.43.0-0 <5.0.0-0" is a valid semver range for webpack
254 silly addNameRange { name: 'webpack', range: '>=4.43.0-0 <5.0.0-0', hasData: false }
255 silly mapToRegistry name webpack
256 silly mapToRegistry using default registry
257 silly mapToRegistry registry https://registry.npmjs.org/
258 silly mapToRegistry uri https://registry.npmjs.org/webpack
259 verbose addNameRange registry:https://registry.npmjs.org/webpack not in flight; fetching
260 verbose get https://registry.npmjs.org/babel-core not expired, no request
261 silly addNameRange number 2 { name: 'babel-core',
261 silly addNameRange   range: '>=6.26.3-0 <7.0.0-0',
261 silly addNameRange   hasData: true }
262 silly addNameRange versions [ 'babel-core',
262 silly addNameRange   [ '4.0.1',
262 silly addNameRange     '4.0.2',
262 silly addNameRange     '4.1.1',
262 silly addNameRange     '4.2.0',
262 silly addNameRange     '4.2.1',
262 silly addNameRange     '4.3.0',
262 silly addNameRange     '4.4.1',
262 silly addNameRange     '4.4.2',
262 silly addNameRange     '4.4.3',
262 silly addNameRange     '4.4.4',
262 silly addNameRange     '4.4.5',
262 silly addNameRange     '4.4.6',
262 silly addNameRange     '4.5.0',
262 silly addNameRange     '4.5.1',
262 silly addNameRange     '4.5.2',
262 silly addNameRange     '4.5.3',
262 silly addNameRange     '4.5.4',
262 silly addNameRange     '4.5.5',
262 silly addNameRange     '4.6.0',
262 silly addNameRange     '4.6.1',
262 silly addNameRange     '4.6.3',
262 silly addNameRange     '4.6.4',
262 silly addNameRange     '4.6.5',
262 silly addNameRange     '4.6.6',
262 silly addNameRange     '4.7.0',
262 silly addNameRange     '4.7.1',
262 silly addNameRange     '4.7.2',
262 silly addNameRange     '4.7.3',
262 silly addNameRange     '4.7.4',
262 silly addNameRange     '4.7.5',
262 silly addNameRange     '4.7.6',
262 silly addNameRange     '4.7.7',
262 silly addNameRange     '4.7.8',
262 silly addNameRange     '4.7.9',
262 silly addNameRange     '4.7.10',
262 silly addNameRange     '4.7.11',
262 silly addNameRange     '4.7.12',
262 silly addNameRange     '4.7.13',
262 silly addNameRange     '4.7.14',
262 silly addNameRange     '4.7.15',
262 silly addNameRange     '4.7.16',
262 silly addNameRange     '5.0.0-beta2',
262 silly addNameRange     '5.0.0-beta3',
262 silly addNameRange     '5.0.0-beta4',
262 silly addNameRange     '5.0.0',
262 silly addNameRange     '5.0.1',
262 silly addNameRange     '5.0.2',
262 silly addNameRange     '5.0.3',
262 silly addNameRange     '5.0.4',
262 silly addNameRange     '5.0.5',
262 silly addNameRange     '5.0.6',
262 silly addNameRange     '5.0.7',
262 silly addNameRange     '5.0.8',
262 silly addNameRange     '5.0.9',
262 silly addNameRange     '5.0.10',
262 silly addNameRange     '5.0.11',
262 silly addNameRange     '5.0.12',
262 silly addNameRange     '5.0.13',
262 silly addNameRange     '5.1.0',
262 silly addNameRange     '5.1.1',
262 silly addNameRange     '5.1.2',
262 silly addNameRange     '5.1.3',
262 silly addNameRange     '5.1.4',
262 silly addNameRange     '5.1.5',
262 silly addNameRange     '5.1.6',
262 silly addNameRange     '5.1.7',
262 silly addNameRange     '5.1.8',
262 silly addNameRange     '5.1.9',
262 silly addNameRange     '5.1.10',
262 silly addNameRange     '5.1.11',
262 silly addNameRange     '5.1.12',
262 silly addNameRange     '5.1.13',
262 silly addNameRange     '5.2.0',
262 silly addNameRange     '5.2.1',
262 silly addNameRange     '5.2.2',
262 silly addNameRange     '5.2.3',
262 silly addNameRange     '5.2.4',
262 silly addNameRange     '5.2.5',
262 silly addNameRange     '5.2.6',
262 silly addNameRange     '5.2.7',
262 silly addNameRange     '5.2.9',
262 silly addNameRange     '5.2.10',
262 silly addNameRange     '5.2.11',
262 silly addNameRange     '5.2.12',
262 silly addNameRange     '5.2.13',
262 silly addNameRange     '5.2.14',
262 silly addNameRange     '5.2.15',
262 silly addNameRange     '5.2.16',
262 silly addNameRange     '5.2.17',
262 silly addNameRange     '5.3.0',
262 silly addNameRange     '5.3.1',
262 silly addNameRange     '5.3.2',
262 silly addNameRange     '5.3.3',
262 silly addNameRange     '5.4.0',
262 silly addNameRange     '5.4.1',
262 silly addNameRange     '5.4.2',
262 silly addNameRange     '5.4.3',
262 silly addNameRange     '5.4.4',
262 silly addNameRange     '5.4.5',
262 silly addNameRange     '5.4.6',
262 silly addNameRange     '5.4.7',
262 silly addNameRange     '5.5.0',
262 silly addNameRange     '5.5.1',
262 silly addNameRange     '5.5.2',
262 silly addNameRange     '5.5.3',
262 silly addNameRange     '5.5.4',
262 silly addNameRange     '5.5.5',
262 silly addNameRange     '5.5.6',
262 silly addNameRange     '5.5.7',
262 silly addNameRange     '5.5.8',
262 silly addNameRange     '5.6.1',
262 silly addNameRange     '5.6.2',
262 silly addNameRange     '5.6.3',
262 silly addNameRange     '5.6.4',
262 silly addNameRange     '5.6.5',
262 silly addNameRange     '5.6.6',
262 silly addNameRange     '5.6.7',
262 silly addNameRange     '5.6.10',
262 silly addNameRange     '5.6.11',
262 silly addNameRange     '5.6.12',
262 silly addNameRange     '5.6.14',
262 silly addNameRange     '5.6.15',
262 silly addNameRange     '5.6.16',
262 silly addNameRange     '5.6.18',
262 silly addNameRange     '5.6.19',
262 silly addNameRange     '5.6.20',
262 silly addNameRange     '5.7.0',
262 silly addNameRange     '5.7.1',
262 silly addNameRange     '5.7.2',
262 silly addNameRange     '5.7.3',
262 silly addNameRange     '5.7.4',
262 silly addNameRange     '5.8.1',
262 silly addNameRange     '5.8.2',
262 silly addNameRange     '5.8.3',
262 silly addNameRange     '5.8.5',
262 silly addNameRange     '5.8.6',
262 silly addNameRange     '5.8.8',
262 silly addNameRange     '5.8.9',
262 silly addNameRange     '5.8.12',
262 silly addNameRange     '5.8.14',
262 silly addNameRange     '5.8.19',
262 silly addNameRange     '5.8.20',
262 silly addNameRange     '5.8.21',
262 silly addNameRange     '5.8.22',
262 silly addNameRange     '5.8.23',
262 silly addNameRange     '5.8.24',
262 silly addNameRange     '5.8.25',
262 silly addNameRange     '5.8.29',
262 silly addNameRange     '5.8.30',
262 silly addNameRange     '5.8.31',
262 silly addNameRange     '5.8.32',
262 silly addNameRange     '5.8.33',
262 silly addNameRange     '6.0.0',
262 silly addNameRange     '6.0.1',
262 silly addNameRange     '6.0.2',
262 silly addNameRange     '6.0.12',
262 silly addNameRange     '6.0.14',
262 silly addNameRange     '6.0.15',
262 silly addNameRange     '6.0.16',
262 silly addNameRange     '6.0.17',
262 silly addNameRange     '6.0.18',
262 silly addNameRange     '6.0.19',
262 silly addNameRange     '6.0.20',
262 silly addNameRange     '6.1.2',
262 silly addNameRange     '6.1.4',
262 silly addNameRange     '5.8.34',
262 silly addNameRange     '6.1.5',
262 silly addNameRange     '6.1.6',
262 silly addNameRange     '6.1.7',
262 silly addNameRange     '6.1.8',
262 silly addNameRange     '6.1.9',
262 silly addNameRange     '6.1.10',
262 silly addNameRange     '6.1.11',
262 silly addNameRange     '6.1.12',
262 silly addNameRange     '6.1.13',
262 silly addNameRange     '6.1.14',
262 silly addNameRange     '6.1.15',
262 silly addNameRange     '6.1.16',
262 silly addNameRange     '6.1.17',
262 silly addNameRange     '6.1.18',
262 silly addNameRange     '6.1.19',
262 silly addNameRange     '6.1.20',
262 silly addNameRange     '6.1.21',
262 silly addNameRange     '6.2.0',
262 silly addNameRange     '6.2.1',
262 silly addNameRange     '6.2.4',
262 silly addNameRange     '6.3.2',
262 silly addNameRange     '6.3.13',
262 silly addNameRange     '6.3.15',
262 silly addNameRange     '6.3.17',
262 silly addNameRange     '6.3.21',
262 silly addNameRange     '6.3.26',
262 silly addNameRange     '6.4.0',
262 silly addNameRange     '6.4.5',
262 silly addNameRange     '5.8.35',
262 silly addNameRange     '6.5.0',
262 silly addNameRange     '6.5.0-1',
262 silly addNameRange     '6.5.1',
262 silly addNameRange     '6.5.2',
262 silly addNameRange     '6.5.2-canary.ab7533ed',
262 silly addNameRange     '6.6.0',
262 silly addNameRange     '6.6.4',
262 silly addNameRange     '6.6.5',
262 silly addNameRange     '6.7.0',
262 silly addNameRange     '6.7.2',
262 silly addNameRange     '5.8.38',
262 silly addNameRange     '6.7.4',
262 silly addNameRange     '6.7.5',
262 silly addNameRange     '6.7.6',
262 silly addNameRange     '6.7.7',
262 silly addNameRange     '6.8.0',
262 silly addNameRange     '6.9.0',
262 silly addNameRange     '6.9.1',
262 silly addNameRange     '6.10.4',
262 silly addNameRange     '6.11.4',
262 silly addNameRange     '6.13.0',
262 silly addNameRange     '6.13.1',
262 silly addNameRange     '6.13.2',
262 silly addNameRange     '6.14.0',
262 silly addNameRange     '6.16.0',
262 silly addNameRange     '6.17.0',
262 silly addNameRange     '6.18.0',
262 silly addNameRange     '6.18.2',
262 silly addNameRange     '6.20.0',
262 silly addNameRange     '6.21.0',
262 silly addNameRange     '6.22.0',
262 silly addNameRange     '6.22.1',
262 silly addNameRange     '6.23.0',
262 silly addNameRange     '6.23.1',
262 silly addNameRange     '7.0.0-alpha.1',
262 silly addNameRange     '7.0.0-alpha.2',
262 silly addNameRange     '6.24.0',
262 silly addNameRange     '7.0.0-alpha.3',
262 silly addNameRange     '7.0.0-alpha.6',
262 silly addNameRange     '7.0.0-alpha.7',
262 silly addNameRange     '6.24.1',
262 silly addNameRange     '7.0.0-alpha.8',
262 silly addNameRange     '7.0.0-alpha.9',
262 silly addNameRange     '7.0.0-alpha.10',
262 silly addNameRange     '7.0.0-alpha.11',
262 silly addNameRange     '7.0.0-alpha.12',
262 silly addNameRange     '6.25.0',
262 silly addNameRange     '7.0.0-alpha.14',
262 silly addNameRange     '7.0.0-alpha.15',
262 silly addNameRange     '7.0.0-alpha.16',
262 silly addNameRange     '7.0.0-alpha.17',
262 silly addNameRange     '7.0.0-alpha.18',
262 silly addNameRange     '7.0.0-alpha.19',
262 silly addNameRange     '6.26.0',
262 silly addNameRange     '7.0.0-alpha.20',
262 silly addNameRange     '7.0.0-beta.0',
262 silly addNameRange     '7.0.0-beta.1',
262 silly addNameRange     '7.0.0-beta.2',
262 silly addNameRange     '7.0.0-beta.3',
262 silly addNameRange     '7.0.0-bridge.0',
262 silly addNameRange     '6.26.2',
262 silly addNameRange     '6.26.3' ] ]
263 silly addNamed babel-core@6.26.3
264 verbose addNamed "6.26.3" is a plain semver version for babel-core
265 silly cache afterAdd babel-polyfill@6.26.0
266 verbose afterAdd C:\Users\Mandar\AppData\Roaming\npm-cache\babel-polyfill\6.26.0\package\package.json not in flight; writing
267 silly cache afterAdd npm-watch@0.6.0
268 verbose afterAdd C:\Users\Mandar\AppData\Roaming\npm-cache\npm-watch\0.6.0\package\package.json not in flight; writing
269 silly cache afterAdd babel-preset-env@1.7.0
270 verbose afterAdd C:\Users\Mandar\AppData\Roaming\npm-cache\babel-preset-env\1.7.0\package\package.json not in flight; writing
271 silly cache afterAdd babel-loader@8.2.5
272 verbose afterAdd C:\Users\Mandar\AppData\Roaming\npm-cache\babel-loader\8.2.5\package\package.json not in flight; writing
273 verbose get https://registry.npmjs.org/webpack not expired, no request
274 silly addNameRange number 2 { name: 'webpack', range: '>=4.43.0-0 <5.0.0-0', hasData: true }
275 silly addNameRange versions [ 'webpack',
275 silly addNameRange   [ '0.1.0',
275 silly addNameRange     '0.1.1',
275 silly addNameRange     '0.1.2',
275 silly addNameRange     '0.1.3',
275 silly addNameRange     '0.1.4',
275 silly addNameRange     '0.1.5',
275 silly addNameRange     '0.1.6',
275 silly addNameRange     '0.2.0',
275 silly addNameRange     '0.2.1',
275 silly addNameRange     '0.2.2',
275 silly addNameRange     '0.2.3',
275 silly addNameRange     '0.2.4',
275 silly addNameRange     '0.2.6',
275 silly addNameRange     '0.2.7',
275 silly addNameRange     '0.2.8',
275 silly addNameRange     '0.3.0',
275 silly addNameRange     '0.3.1',
275 silly addNameRange     '0.3.2',
275 silly addNameRange     '0.3.3',
275 silly addNameRange     '0.3.4',
275 silly addNameRange     '0.3.6',
275 silly addNameRange     '0.3.7',
275 silly addNameRange     '0.3.8',
275 silly addNameRange     '0.3.9',
275 silly addNameRange     '0.3.10',
275 silly addNameRange     '0.3.11',
275 silly addNameRange     '0.3.12',
275 silly addNameRange     '0.3.13',
275 silly addNameRange     '0.3.14',
275 silly addNameRange     '0.3.15',
275 silly addNameRange     '0.3.16',
275 silly addNameRange     '0.3.17',
275 silly addNameRange     '0.3.18',
275 silly addNameRange     '0.3.19',
275 silly addNameRange     '0.3.20',
275 silly addNameRange     '0.4.0',
275 silly addNameRange     '0.4.1',
275 silly addNameRange     '0.4.2',
275 silly addNameRange     '0.4.3',
275 silly addNameRange     '0.4.4',
275 silly addNameRange     '0.4.5',
275 silly addNameRange     '0.4.6',
275 silly addNameRange     '0.4.7',
275 silly addNameRange     '0.4.8',
275 silly addNameRange     '0.4.9',
275 silly addNameRange     '0.4.10',
275 silly addNameRange     '0.4.11',
275 silly addNameRange     '0.4.12',
275 silly addNameRange     '0.4.13',
275 silly addNameRange     '0.4.14',
275 silly addNameRange     '0.4.15',
275 silly addNameRange     '0.4.16',
275 silly addNameRange     '0.4.17',
275 silly addNameRange     '0.4.18',
275 silly addNameRange     '0.4.19',
275 silly addNameRange     '0.4.20',
275 silly addNameRange     '0.4.21',
275 silly addNameRange     '0.4.23',
275 silly addNameRange     '0.4.24',
275 silly addNameRange     '0.4.25',
275 silly addNameRange     '0.5.0',
275 silly addNameRange     '0.5.1',
275 silly addNameRange     '0.5.2',
275 silly addNameRange     '0.5.3',
275 silly addNameRange     '0.5.4',
275 silly addNameRange     '0.5.5',
275 silly addNameRange     '0.5.6',
275 silly addNameRange     '0.5.7',
275 silly addNameRange     '0.5.8',
275 silly addNameRange     '0.5.10',
275 silly addNameRange     '0.6.0',
275 silly addNameRange     '0.6.1',
275 silly addNameRange     '0.6.2',
275 silly addNameRange     '0.7.0-beta',
275 silly addNameRange     '0.7.0-beta2',
275 silly addNameRange     '0.7.0-beta3',
275 silly addNameRange     '0.7.0-beta4',
275 silly addNameRange     '0.7.0-beta5',
275 silly addNameRange     '0.7.0-beta6',
275 silly addNameRange     '0.7.0-beta7',
275 silly addNameRange     '0.7.0-beta8',
275 silly addNameRange     '0.7.0',
275 silly addNameRange     '0.7.1',
275 silly addNameRange     '0.7.2',
275 silly addNameRange     '0.7.3',
275 silly addNameRange     '0.7.4',
275 silly addNameRange     '0.7.5',
275 silly addNameRange     '0.7.6',
275 silly addNameRange     '0.7.7',
275 silly addNameRange     '0.7.8',
275 silly addNameRange     '0.7.9',
275 silly addNameRange     '0.7.11',
275 silly addNameRange     '0.7.12',
275 silly addNameRange     '0.7.13',
275 silly addNameRange     '0.7.14',
275 silly addNameRange     '0.7.15',
275 silly addNameRange     '0.7.16',
275 silly addNameRange     '0.7.17',
275 silly addNameRange     '0.8.0-beta1',
275 silly addNameRange     '0.8.0-beta2',
275 silly addNameRange     '0.8.0-beta3',
275 silly addNameRange     '0.8.0-beta4',
275 silly addNameRange     '0.8.0',
275 silly addNameRange     '0.8.2',
275 silly addNameRange     '0.8.3',
275 silly addNameRange     '0.9.0-beta1',
275 silly addNameRange     '0.9.0-beta2',
275 silly addNameRange     '0.9.0-beta4',
275 silly addNameRange     '0.9.0-beta5',
275 silly addNameRange     '0.9.0-beta6',
275 silly addNameRange     '0.9.0-beta7',
275 silly addNameRange     '0.9.0-beta8',
275 silly addNameRange     '0.9.0-beta9',
275 silly addNameRange     '0.9.0-beta10',
275 silly addNameRange     '0.9.0-beta11',
275 silly addNameRange     '0.9.0-beta12',
275 silly addNameRange     '0.9.0-beta13',
275 silly addNameRange     '0.9.0-beta14',
275 silly addNameRange     '0.9.0-beta15',
275 silly addNameRange     '0.9.0-beta16',
275 silly addNameRange     '0.9.0-beta17',
275 silly addNameRange     '0.9.0-beta18',
275 silly addNameRange     '0.9.0-beta19',
275 silly addNameRange     '0.9.0-beta20',
275 silly addNameRange     '0.9.0-beta21',
275 silly addNameRange     '0.9.0-beta22',
275 silly addNameRange     '0.9.0-beta23',
275 silly addNameRange     '0.9.0-beta24',
275 silly addNameRange     '0.9.0-beta25',
275 silly addNameRange     '0.9.0-beta26',
275 silly addNameRange     '0.9.0-beta27',
275 silly addNameRange     '0.9.0-beta28',
275 silly addNameRange     '0.9.0-beta29',
275 silly addNameRange     '0.9.0-beta30',
275 silly addNameRange     '0.9.0-beta31',
275 silly addNameRange     '0.9.0-beta32',
275 silly addNameRange     '0.9.0-beta33',
275 silly addNameRange     '0.9.0-beta34',
275 silly addNameRange     '0.9.0-beta35',
275 silly addNameRange     '0.9.0-beta36',
275 silly addNameRange     '0.9.0-beta37',
275 silly addNameRange     '0.9.0-beta38',
275 silly addNameRange     '0.9.0',
275 silly addNameRange     '0.9.1',
275 silly addNameRange     '0.9.2',
275 silly addNameRange     '0.9.3',
275 silly addNameRange     '0.10.0-beta2',
275 silly addNameRange     '0.10.0-beta3',
275 silly addNameRange     '0.10.0-beta5',
275 silly addNameRange     '0.10.0-beta6',
275 silly addNameRange     '0.10.0-beta7',
275 silly addNameRange     '0.10.0-beta8',
275 silly addNameRange     '0.10.0-beta9',
275 silly addNameRange     '0.10.0-beta10',
275 silly addNameRange     '0.10.0-beta11',
275 silly addNameRange     '0.10.0-beta12',
275 silly addNameRange     '0.10.0-beta13',
275 silly addNameRange     '0.10.0-beta14',
275 silly addNameRange     '0.10.0-beta15',
275 silly addNameRange     '0.10.0-beta16',
275 silly addNameRange     '0.10.0-beta17',
275 silly addNameRange     '0.10.0-beta18',
275 silly addNameRange     '0.10.0-beta19',
275 silly addNameRange     '0.10.0-beta20',
275 silly addNameRange     '0.10.0-beta21',
275 silly addNameRange     '0.10.0-beta22',
275 silly addNameRange     '0.10.0-beta23',
275 silly addNameRange     '0.10.0-beta24',
275 silly addNameRange     '0.10.0-beta25',
275 silly addNameRange     '0.10.0',
275 silly addNameRange     '0.11.0-beta1',
275 silly addNameRange     '0.11.0-beta2',
275 silly addNameRange     '0.11.0-beta3',
275 silly addNameRange     '0.11.0-beta4',
275 silly addNameRange     '0.11.0-beta5',
275 silly addNameRange     '0.11.0-beta6',
275 silly addNameRange     '0.11.0-beta7',
275 silly addNameRange     '0.11.0-beta8',
275 silly addNameRange     '0.11.0-beta9',
275 silly addNameRange     '0.11.0-beta10',
275 silly addNameRange     '0.11.0-beta11',
275 silly addNameRange     '0.11.0-beta12',
275 silly addNameRange     '0.11.0-beta13',
275 silly addNameRange     '0.11.0-beta14',
275 silly addNameRange     '0.11.0-beta15',
275 silly addNameRange     '0.11.0-beta16',
275 silly addNameRange     '0.11.0-beta17',
275 silly addNameRange     '0.11.0-beta18',
275 silly addNameRange     '0.11.0-beta19',
275 silly addNameRange     '0.11.0-beta20',
275 silly addNameRange     '0.11.0-beta21',
275 silly addNameRange     '0.11.0-beta22',
275 silly addNameRange     '0.11.0-beta23',
275 silly addNameRange     '0.11.0-beta24',
275 silly addNameRange     '0.11.0-beta25',
275 silly addNameRange     '0.11.0-beta26',
275 silly addNameRange     '0.11.0-beta27',
275 silly addNameRange     '0.11.0-beta28',
275 silly addNameRange     '0.11.0-beta29',
275 silly addNameRange     '0.11.0',
275 silly addNameRange     '0.11.1',
275 silly addNameRange     '0.11.2',
275 silly addNameRange     '0.11.3',
275 silly addNameRange     '0.11.4',
275 silly addNameRange     '0.11.5',
275 silly addNameRange     '0.11.6',
275 silly addNameRange     '0.11.7',
275 silly addNameRange     '0.11.8',
275 silly addNameRange     '0.11.9',
275 silly addNameRange     '0.11.10',
275 silly addNameRange     '0.11.11',
275 silly addNameRange     '0.11.12',
275 silly addNameRange     '0.11.13',
275 silly addNameRange     '0.11.14',
275 silly addNameRange     '0.11.15',
275 silly addNameRange     '1.0.0-beta1',
275 silly addNameRange     '1.0.0-beta2',
275 silly addNameRange     '1.0.0-beta3',
275 silly addNameRange     '1.0.0-beta4',
275 silly addNameRange     '0.11.16',
275 silly addNameRange     '0.11.17',
275 silly addNameRange     '0.11.18',
275 silly addNameRange     '1.0.0-beta5',
275 silly addNameRange     '1.0.0-beta6',
275 silly addNameRange     '1.0.0-beta7',
275 silly addNameRange     '1.0.0-beta8',
275 silly addNameRange     '1.0.0-beta9',
275 silly addNameRange     '1.0.0-rc1',
275 silly addNameRange     '1.0.0-rc2',
275 silly addNameRange     '1.0.0-rc3',
275 silly addNameRange     '1.0.0-rc4',
275 silly addNameRange     '1.0.0-rc5',
275 silly addNameRange     '1.0.0-rc7',
275 silly addNameRange     '1.0.0-rc8',
275 silly addNameRange     '1.0.0-rc9',
275 silly addNameRange     '1.0.0-rc11',
275 silly addNameRange     '1.0.0-rc12',
275 silly addNameRange     '1.0.0',
275 silly addNameRange     '1.0.1',
275 silly addNameRange     '1.0.3',
275 silly addNameRange     '1.0.4',
275 silly addNameRange     '1.0.5',
275 silly addNameRange     '1.1.0-beta1',
275 silly addNameRange     '1.1.0-beta2',
275 silly addNameRange     '1.1.0-beta3',
275 silly addNameRange     '1.1.0-beta4',
275 silly addNameRange     '1.1.0-beta5',
275 silly addNameRange     '1.1.0-beta6',
275 silly addNameRange     '1.1.0-beta7',
275 silly addNameRange     '1.1.0-beta8',
275 silly addNameRange     '1.1.0-beta9',
275 silly addNameRange     '1.1.0-beta10',
275 silly addNameRange     '1.1.0-beta12',
275 silly addNameRange     '1.1.0',
275 silly addNameRange     '1.1.1',
275 silly addNameRange     '1.1.2',
275 silly addNameRange     '1.1.3',
275 silly addNameRange     '1.1.4',
275 silly addNameRange     '1.1.5',
275 silly addNameRange     '1.1.6',
275 silly addNameRange     '1.1.7',
275 silly addNameRange     '1.1.8',
275 silly addNameRange     '1.1.9',
275 silly addNameRange     '1.1.10',
275 silly addNameRange     '1.1.11',
275 silly addNameRange     '1.2.0-beta1',
275 silly addNameRange     '1.2.0-beta2',
275 silly addNameRange     '1.2.0-beta4',
275 silly addNameRange     '1.2.0-beta5',
275 silly addNameRange     '1.2.0-beta6',
275 silly addNameRange     '1.3.0-beta1',
275 silly addNameRange     '1.3.0-beta2',
275 silly addNameRange     '1.3.0-beta3',
275 silly addNameRange     '1.3.0-beta4',
275 silly addNameRange     '1.3.0-beta5',
275 silly addNameRange     '1.3.0-beta6',
275 silly addNameRange     '1.3.0-beta7',
275 silly addNameRange     '1.3.0-beta8',
275 silly addNameRange     '1.3.0-beta9',
275 silly addNameRange     '1.3.1-beta1',
275 silly addNameRange     '1.3.1-beta2',
275 silly addNameRange     '1.3.1-beta3',
275 silly addNameRange     '1.3.1-beta4',
275 silly addNameRange     '1.3.1-beta5',
275 silly addNameRange     '1.3.1-beta6',
275 silly addNameRange     '1.3.1-beta7',
275 silly addNameRange     '1.3.1-beta8',
275 silly addNameRange     '1.3.1-beta9',
275 silly addNameRange     '1.3.2-beta1',
275 silly addNameRange     '1.3.2-beta2',
275 silly addNameRange     '1.3.2-beta3',
275 silly addNameRange     '1.3.2-beta4',
275 silly addNameRange     '1.3.2-beta5',
275 silly addNameRange     '1.3.2-beta6',
275 silly addNameRange     '1.3.2-beta7',
275 silly addNameRange     '1.3.2-beta8',
275 silly addNameRange     '1.3.2-beta9',
275 silly addNameRange     '1.3.3-beta1',
275 silly addNameRange     '1.3.3-beta2',
275 silly addNameRange     '1.3.4',
275 silly addNameRange     '1.3.5',
275 silly addNameRange     '1.3.6',
275 silly addNameRange     '1.3.7',
275 silly addNameRange     '1.4.0-beta1',
275 silly addNameRange     '1.4.0-beta2',
275 silly addNameRange     '1.4.0-beta3',
275 silly addNameRange     '1.4.0-beta4',
275 silly addNameRange     '1.4.0-beta5',
275 silly addNameRange     '1.4.0-beta6',
275 silly addNameRange     '1.4.0-beta7',
275 silly addNameRange     '1.4.0-beta8',
275 silly addNameRange     '1.4.0-beta9',
275 silly addNameRange     '1.4.0-beta10',
275 silly addNameRange     '1.4.1-beta1',
275 silly addNameRange     '1.4.2',
275 silly addNameRange     '1.4.3',
275 silly addNameRange     '1.4.4',
275 silly addNameRange     '1.4.5',
275 silly addNameRange     '1.4.6',
275 silly addNameRange     '1.4.7',
275 silly addNameRange     '1.4.8',
275 silly addNameRange     '1.4.9',
275 silly addNameRange     '1.4.10',
275 silly addNameRange     '1.4.11',
275 silly addNameRange     '1.4.12',
275 silly addNameRange     '1.4.13',
275 silly addNameRange     '1.4.14',
275 silly addNameRange     '1.4.15',
275 silly addNameRange     '1.5.0',
275 silly addNameRange     '1.5.1',
275 silly addNameRange     '1.5.2',
275 silly addNameRange     '1.5.3',
275 silly addNameRange     '1.6.0',
275 silly addNameRange     '1.7.0',
275 silly addNameRange     '1.7.1',
275 silly addNameRange     '1.7.2',
275 silly addNameRange     '1.7.3',
275 silly addNameRange     '1.8.0',
275 silly addNameRange     '1.8.1',
275 silly addNameRange     '1.8.2',
275 silly addNameRange     '1.8.3',
275 silly addNameRange     '1.8.4',
275 silly addNameRange     '1.8.5',
275 silly addNameRange     '1.8.6',
275 silly addNameRange     '1.8.7',
275 silly addNameRange     '1.8.8',
275 silly addNameRange     '1.8.9',
275 silly addNameRange     '1.8.10',
275 silly addNameRange     '1.8.11',
275 silly addNameRange     '1.9.0',
275 silly addNameRange     '1.9.1',
275 silly addNameRange     '1.9.2',
275 silly addNameRange     '1.9.3',
275 silly addNameRange     '1.9.4',
275 silly addNameRange     '1.9.5',
275 silly addNameRange     '1.9.6',
275 silly addNameRange     '1.9.7',
275 silly addNameRange     '1.9.8',
275 silly addNameRange     '1.9.9',
275 silly addNameRange     '1.9.10',
275 silly addNameRange     '1.9.11',
275 silly addNameRange     '1.9.12',
275 silly addNameRange     '1.9.13',
275 silly addNameRange     '1.10.0',
275 silly addNameRange     '1.10.1',
275 silly addNameRange     '1.10.2',
275 silly addNameRange     '1.10.3',
275 silly addNameRange     '1.10.4',
275 silly addNameRange     '1.10.5',
275 silly addNameRange     '1.11.0',
275 silly addNameRange     '1.12.0',
275 silly addNameRange     '1.12.1',
275 silly addNameRange     '1.12.2',
275 silly addNameRange     '2.0.0-beta',
275 silly addNameRange     '1.12.3',
275 silly addNameRange     '1.12.4',
275 silly addNameRange     '1.12.5',
275 silly addNameRange     '1.12.6',
275 silly addNameRange     '1.12.7',
275 silly addNameRange     '1.12.8',
275 silly addNameRange     '1.12.9',
275 silly addNameRange     '2.0.1-beta',
275 silly addNameRange     '2.0.2-beta',
275 silly addNameRange     '1.12.10',
275 silly addNameRange     '1.12.11',
275 silly addNameRange     '2.0.4-beta',
275 silly addNameRange     '1.12.12',
275 silly addNameRange     '2.0.5-beta',
275 silly addNameRange     '2.0.6-beta',
275 silly addNameRange     '2.0.7-beta',
275 silly addNameRange     '1.12.13',
275 silly addNameRange     '2.1.0-beta.0',
275 silly addNameRange     '2.1.0-beta.1',
275 silly addNameRange     '2.1.0-beta.2',
275 silly addNameRange     '1.12.14',
275 silly addNameRange     '2.1.0-beta.3',
275 silly addNameRange     '2.1.0-beta.4',
275 silly addNameRange     '2.1.0-beta.5',
275 silly addNameRange     '1.12.15',
275 silly addNameRange     '1.13.0',
275 silly addNameRange     '2.1.0-beta.6',
275 silly addNameRange     '2.1.0-beta.7',
275 silly addNameRange     '1.13.1',
275 silly addNameRange     '2.1.0-beta.8',
275 silly addNameRange     '2.1.0-beta.9',
275 silly addNameRange     '2.1.0-beta.10',
275 silly addNameRange     '2.1.0-beta.11',
275 silly addNameRange     '2.1.0-beta.12',
275 silly addNameRange     '2.1.0-beta.13',
275 silly addNameRange     '2.1.0-beta.14',
275 silly addNameRange     '2.1.0-beta.15',
275 silly addNameRange     '2.1.0-beta.16',
275 silly addNameRange     '2.1.0-beta.17',
275 silly addNameRange     '2.1.0-beta.18',
275 silly addNameRange     '2.1.0-beta.19',
275 silly addNameRange     '2.1.0-beta.20',
275 silly addNameRange     '2.1.0-beta.21',
275 silly addNameRange     '1.13.2',
275 silly addNameRange     '2.1.0-beta.22',
275 silly addNameRange     '2.1.0-beta.23',
275 silly addNameRange     '2.1.0-beta.24',
275 silly addNameRange     '2.1.0-beta.25',
275 silly addNameRange     '1.13.3',
275 silly addNameRange     '2.1.0-beta.26',
275 silly addNameRange     '2.1.0-beta.27',
275 silly addNameRange     '1.14.0',
275 silly addNameRange     '2.1.0-beta.28',
275 silly addNameRange     '2.2.0-rc.0',
275 silly addNameRange     '2.2.0-rc.1',
275 silly addNameRange     '2.2.0-rc.2',
275 silly addNameRange     '2.2.0-rc.3',
275 silly addNameRange     '2.2.0-rc.4',
275 silly addNameRange     '2.2.0-rc.5',
275 silly addNameRange     '2.2.0-rc.6',
275 silly addNameRange     '2.2.0-rc.7',
275 silly addNameRange     '2.2.0-rc.8',
275 silly addNameRange     '2.2.0',
275 silly addNameRange     '2.2.1',
275 silly addNameRange     '2.3.0',
275 silly addNameRange     '2.3.1',
275 silly addNameRange     '2.3.2',
275 silly addNameRange     '2.3.3',
275 silly addNameRange     '1.15.0',
275 silly addNameRange     '2.4.0',
275 silly addNameRange     '2.4.1',
275 silly addNameRange     '2.5.0',
275 silly addNameRange     '2.5.1',
275 silly addNameRange     '2.6.0',
275 silly addNameRange     '2.6.1',
275 silly addNameRange     '3.0.0-rc.0',
275 silly addNameRange     '3.0.0-rc.1',
275 silly addNameRange     '3.0.0-rc.2',
275 silly addNameRange     '3.0.0',
275 silly addNameRange     '3.1.0',
275 silly addNameRange     '3.2.0',
275 silly addNameRange     '2.7.0',
275 silly addNameRange     '3.3.0',
275 silly addNameRange     '3.4.0',
275 silly addNameRange     '3.4.1',
275 silly addNameRange     '3.5.0',
275 silly addNameRange     '3.5.1',
275 silly addNameRange     '3.5.2',
275 silly addNameRange     '3.5.3',
275 silly addNameRange     '3.5.4',
275 silly addNameRange     '3.5.5',
275 silly addNameRange     '3.5.6',
275 silly addNameRange     '3.6.0',
275 silly addNameRange     '3.7.0',
275 silly addNameRange     '3.7.1',
275 silly addNameRange     '3.8.0',
275 silly addNameRange     '3.8.1',
275 silly addNameRange     '3.9.0',
275 silly addNameRange     '3.9.1',
275 silly addNameRange     '3.10.0',
275 silly addNameRange     '4.0.0-alpha.0',
275 silly addNameRange     '4.0.0-alpha.1',
275 silly addNameRange     '4.0.0-alpha.2',
275 silly addNameRange     '4.0.0-alpha.3',
275 silly addNameRange     '4.0.0-alpha.4',
275 silly addNameRange     '4.0.0-alpha.5',
275 silly addNameRange     '4.0.0-beta.0',
275 silly addNameRange     '4.0.0-beta.1',
275 silly addNameRange     '3.11.0',
275 silly addNameRange     '4.0.0-beta.2',
275 silly addNameRange     '4.0.0-beta.3',
275 silly addNameRange     '4.0.0',
275 silly addNameRange     '4.0.1',
275 silly addNameRange     '4.1.0',
275 silly addNameRange     '4.1.1',
275 silly addNameRange     '4.2.0',
275 silly addNameRange     '4.3.0',
275 silly addNameRange     '4.4.0',
275 silly addNameRange     '4.4.1',
275 silly addNameRange     '4.5.0',
275 silly addNameRange     '4.6.0',
275 silly addNameRange     '4.7.0',
275 silly addNameRange     '4.8.0',
275 silly addNameRange     '4.8.1',
275 silly addNameRange     '3.12.0',
275 silly addNameRange     '4.8.2',
275 silly addNameRange     '4.8.3',
275 silly addNameRange     '4.9.0',
275 silly addNameRange     '4.9.1',
275 silly addNameRange     '4.9.2',
275 silly addNameRange     '4.10.0',
275 silly addNameRange     '4.10.1',
275 silly addNameRange     '4.10.2',
275 silly addNameRange     '4.11.0',
275 silly addNameRange     '4.11.1',
275 silly addNameRange     '4.12.0',
275 silly addNameRange     '4.12.1',
275 silly addNameRange     '4.12.2',
275 silly addNameRange     '4.13.0',
275 silly addNameRange     '4.14.0',
275 silly addNameRange     '4.15.0',
275 silly addNameRange     '4.15.1',
275 silly addNameRange     '4.16.0',
275 silly addNameRange     '4.16.1',
275 silly addNameRange     '4.16.2',
275 silly addNameRange     '4.16.3',
275 silly addNameRange     '4.16.4',
275 silly addNameRange     '4.16.5',
275 silly addNameRange     '4.17.0',
275 silly addNameRange     '4.17.1',
275 silly addNameRange     '4.17.2',
275 silly addNameRange     '4.17.3',
275 silly addNameRange     '4.18.0',
275 silly addNameRange     '4.18.1',
275 silly addNameRange     '4.19.0',
275 silly addNameRange     '4.19.1',
275 silly addNameRange     '4.20.0',
275 silly addNameRange     '4.20.1',
275 silly addNameRange     '4.20.2',
275 silly addNameRange     '4.21.0',
275 silly addNameRange     '4.22.0',
275 silly addNameRange     '4.23.0',
275 silly addNameRange     '4.23.1',
275 silly addNameRange     '4.24.0',
275 silly addNameRange     '4.25.0',
275 silly addNameRange     '4.25.1',
275 silly addNameRange     '4.26.0',
275 silly addNameRange     '4.26.1',
275 silly addNameRange     '4.27.0',
275 silly addNameRange     '4.27.1',
275 silly addNameRange     '4.28.0',
275 silly addNameRange     '4.28.1',
275 silly addNameRange     '5.0.0-alpha.0',
275 silly addNameRange     '4.28.2',
275 silly addNameRange     '5.0.0-alpha.1',
275 silly addNameRange     '5.0.0-alpha.2',
275 silly addNameRange     '4.28.3',
275 silly addNameRange     '5.0.0-alpha.3',
275 silly addNameRange     '5.0.0-alpha.4',
275 silly addNameRange     '5.0.0-alpha.5',
275 silly addNameRange     '4.28.4',
275 silly addNameRange     '5.0.0-alpha.6',
275 silly addNameRange     '5.0.0-alpha.7',
275 silly addNameRange     '5.0.0-alpha.8',
275 silly addNameRange     '4.29.0',
275 silly addNameRange     '5.0.0-alpha.9',
275 silly addNameRange     '4.29.1',
275 silly addNameRange     '4.29.2',
275 silly addNameRange     '4.29.3',
275 silly addNameRange     '5.0.0-alpha.10',
275 silly addNameRange     '4.29.4',
275 silly addNameRange     '4.29.5',
275 silly addNameRange     '5.0.0-alpha.11',
275 silly addNameRange     '4.29.6',
275 silly addNameRange     '4.30.0',
275 silly addNameRange     '4.31.0',
275 silly addNameRange     '5.0.0-alpha.12',
275 silly addNameRange     '4.32.0',
275 silly addNameRange     '5.0.0-alpha.13',
275 silly addNameRange     '4.32.1',
275 silly addNameRange     '4.32.2',
275 silly addNameRange     '5.0.0-alpha.14',
275 silly addNameRange     '4.33.0',
275 silly addNameRange     '5.0.0-alpha.15',
275 silly addNameRange     '4.34.0',
275 silly addNameRange     '5.0.0-alpha.16',
275 silly addNameRange     '4.35.0',
275 silly addNameRange     '4.35.1',
275 silly addNameRange     '4.35.2',
275 silly addNameRange     '5.0.0-alpha.17',
275 silly addNameRange     '4.35.3',
275 silly addNameRange     '5.0.0-alpha.18',
275 silly addNameRange     '4.36.0',
275 silly addNameRange     '4.36.1',
275 silly addNameRange     '4.37.0',
275 silly addNameRange     '4.38.0',
275 silly addNameRange     '4.39.0',
275 silly addNameRange     '4.39.1',
275 silly addNameRange     '5.0.0-alpha.19',
275 silly addNameRange     '4.39.2',
275 silly addNameRange     '5.0.0-alpha.20',
275 silly addNameRange     '5.0.0-alpha.21',
275 silly addNameRange     '5.0.0-alpha.22',
275 silly addNameRange     '4.39.3',
275 silly addNameRange     '5.0.0-alpha.23',
275 silly addNameRange     '5.0.0-alpha.24',
275 silly addNameRange     '5.0.0-alpha.25',
275 silly addNameRange     '5.0.0-alpha.26',
275 silly addNameRange     '4.40.0',
275 silly addNameRange     '4.40.1',
275 silly addNameRange     '4.40.2',
275 silly addNameRange     '4.40.3',
275 silly addNameRange     '4.41.0',
275 silly addNameRange     '5.0.0-alpha.27',
275 silly addNameRange     '5.0.0-alpha.28',
275 silly addNameRange     '5.0.0-alpha.29',
275 silly addNameRange     '5.0.0-alpha.30',
275 silly addNameRange     '5.0.0-alpha.31',
275 silly addNameRange     '4.41.1',
275 silly addNameRange     '5.0.0-alpha.32',
275 silly addNameRange     '5.0.0-beta.0',
275 silly addNameRange     '4.41.2',
275 silly addNameRange     '5.0.0-beta.1',
275 silly addNameRange     '5.0.0-beta.2',
275 silly addNameRange     '5.0.0-beta.3',
275 silly addNameRange     '5.0.0-beta.4',
275 silly addNameRange     '5.0.0-beta.5',
275 silly addNameRange     '5.0.0-beta.6',
275 silly addNameRange     '5.0.0-beta.7',
275 silly addNameRange     '5.0.0-beta.8',
275 silly addNameRange     '5.0.0-beta.9',
275 silly addNameRange     '4.41.3',
275 silly addNameRange     '4.41.4',
275 silly addNameRange     '5.0.0-beta.10',
275 silly addNameRange     '5.0.0-beta.11',
275 silly addNameRange     '4.41.5',
275 silly addNameRange     '5.0.0-beta.12',
275 silly addNameRange     '5.0.0-beta.13',
275 silly addNameRange     '4.41.6',
275 silly addNameRange     '4.42.0',
275 silly addNameRange     '5.0.0-beta.14',
275 silly addNameRange     '4.42.1',
275 silly addNameRange     '5.0.0-beta.15',
275 silly addNameRange     '4.43.0',
275 silly addNameRange     '5.0.0-beta.16',
275 silly addNameRange     '5.0.0-beta.17',
275 silly addNameRange     '5.0.0-beta.18',
275 silly addNameRange     '5.0.0-beta.19',
275 silly addNameRange     '5.0.0-beta.20',
275 silly addNameRange     '5.0.0-beta.21',
275 silly addNameRange     '5.0.0-beta.22',
275 silly addNameRange     '4.44.0',
275 silly addNameRange     '4.44.1',
275 silly addNameRange     '5.0.0-beta.23',
275 silly addNameRange     '5.0.0-beta.24',
275 silly addNameRange     '5.0.0-beta.25',
275 silly addNameRange     '5.0.0-beta.26',
275 silly addNameRange     '5.0.0-beta.27',
275 silly addNameRange     '5.0.0-beta.28',
275 silly addNameRange     '5.0.0-beta.29',
275 silly addNameRange     '5.0.0-beta.30',
275 silly addNameRange     '5.0.0-beta.31',
275 silly addNameRange     '4.44.2',
275 silly addNameRange     '5.0.0-beta.32',
275 silly addNameRange     '5.0.0-beta.33',
275 silly addNameRange     '5.0.0-rc.0',
275 silly addNameRange     '5.0.0-rc.1',
275 silly addNameRange     '5.0.0-rc.2',
275 silly addNameRange     '5.0.0-rc.3',
275 silly addNameRange     '5.0.0-rc.4',
275 silly addNameRange     '5.0.0-rc.5',
275 silly addNameRange     '5.0.0-rc.6',
275 silly addNameRange     '5.0.0',
275 silly addNameRange     '5.1.0',
275 silly addNameRange     '5.1.1',
275 silly addNameRange     '5.1.2',
275 silly addNameRange     '5.1.3',
275 silly addNameRange     '5.2.0',
275 silly addNameRange     '5.2.1',
275 silly addNameRange     '5.3.0',
275 silly addNameRange     '5.3.1',
275 silly addNameRange     '5.3.2',
275 silly addNameRange     '5.4.0',
275 silly addNameRange     '5.5.0',
275 silly addNameRange     '5.5.1',
275 silly addNameRange     '5.6.0',
275 silly addNameRange     '5.7.0',
275 silly addNameRange     '5.8.0',
275 silly addNameRange     '5.9.0',
275 silly addNameRange     '5.10.0',
275 silly addNameRange     '5.10.1',
275 silly addNameRange     '5.10.2',
275 silly addNameRange     '5.10.3',
275 silly addNameRange     '5.11.0',
275 silly addNameRange     '5.11.1',
275 silly addNameRange     '4.45.0',
275 silly addNameRange     '5.12.0',
275 silly addNameRange     '5.12.1',
275 silly addNameRange     '5.12.2',
275 silly addNameRange     '5.12.3',
275 silly addNameRange     '4.46.0',
275 silly addNameRange     '5.13.0',
275 silly addNameRange     '5.14.0',
275 silly addNameRange     '5.15.0',
275 silly addNameRange     '5.16.0',
275 silly addNameRange     '5.17.0',
275 silly addNameRange     '5.18.0',
275 silly addNameRange     '5.19.0',
275 silly addNameRange     '5.20.0',
275 silly addNameRange     '5.20.1',
275 silly addNameRange     '5.20.2',
275 silly addNameRange     '5.21.0',
275 silly addNameRange     '5.21.1',
275 silly addNameRange     '5.21.2',
275 silly addNameRange     '5.22.0',
275 silly addNameRange     '5.23.0',
275 silly addNameRange     '5.24.0',
275 silly addNameRange     '5.24.1',
275 silly addNameRange     '5.24.2',
275 silly addNameRange     '5.24.3',
275 silly addNameRange     '5.24.4',
275 silly addNameRange     '5.25.0',
275 silly addNameRange     '5.25.1',
275 silly addNameRange     '5.26.0',
275 silly addNameRange     '5.26.1',
275 silly addNameRange     '5.26.2',
275 silly addNameRange     '5.26.3',
275 silly addNameRange     '5.27.0',
275 silly addNameRange     '5.27.1',
275 silly addNameRange     '5.27.2',
275 silly addNameRange     '5.28.0',
275 silly addNameRange     '5.29.0',
275 silly addNameRange     '5.30.0',
275 silly addNameRange     '5.31.0',
275 silly addNameRange     '5.31.1',
275 silly addNameRange     '5.31.2',
275 silly addNameRange     '5.32.0',
275 silly addNameRange     '5.33.0',
275 silly addNameRange     '5.33.1',
275 silly addNameRange     '5.33.2',
275 silly addNameRange     '5.34.0',
275 silly addNameRange     '5.35.0',
275 silly addNameRange     '5.35.1',
275 silly addNameRange     '5.36.0',
275 silly addNameRange     '5.36.1',
275 silly addNameRange     '5.36.2',
275 silly addNameRange     '5.37.0',
275 silly addNameRange     '5.37.1',
275 silly addNameRange     '5.38.0',
275 silly addNameRange     '5.38.1',
275 silly addNameRange     '5.39.0',
275 silly addNameRange     '5.39.1',
275 silly addNameRange     '5.40.0',
275 silly addNameRange     '5.41.0',
275 silly addNameRange     '5.41.1',
275 silly addNameRange     '5.42.0',
275 silly addNameRange     '5.42.1',
275 silly addNameRange     '5.43.0',
275 silly addNameRange     '5.44.0',
275 silly addNameRange     '5.45.0',
275 silly addNameRange     '5.45.1',
275 silly addNameRange     '5.46.0',
275 silly addNameRange     '5.47.0',
275 silly addNameRange     '5.47.1',
275 silly addNameRange     '5.48.0',
275 silly addNameRange     '5.49.0',
275 silly addNameRange     '5.50.0',
275 silly addNameRange     '5.51.0',
275 silly addNameRange     '5.51.1',
275 silly addNameRange     '5.51.2',
275 silly addNameRange     '5.52.0',
275 silly addNameRange     '5.52.1',
275 silly addNameRange     '5.53.0',
275 silly addNameRange     '5.54.0',
275 silly addNameRange     '5.55.0',
275 silly addNameRange     '5.55.1',
275 silly addNameRange     '5.56.0',
275 silly addNameRange     '5.56.1',
275 silly addNameRange     '5.57.0',
275 silly addNameRange     '5.57.1',
275 silly addNameRange     '5.58.0',
275 silly addNameRange     '5.58.1',
275 silly addNameRange     '5.58.2',
275 silly addNameRange     '5.59.0',
275 silly addNameRange     '5.59.1',
275 silly addNameRange     '5.60.0',
275 silly addNameRange     '5.61.0',
275 silly addNameRange     '5.62.0',
275 silly addNameRange     '5.62.1',
275 silly addNameRange     '5.62.2',
275 silly addNameRange     '5.63.0',
275 silly addNameRange     '5.64.0',
275 silly addNameRange     '5.64.1',
275 silly addNameRange     '5.64.2',
275 silly addNameRange     '5.64.3',
275 silly addNameRange     '5.64.4',
275 silly addNameRange     '5.65.0',
275 silly addNameRange     '5.66.0',
275 silly addNameRange     '5.67.0',
275 silly addNameRange     '5.68.0',
275 silly addNameRange     '5.69.0',
275 silly addNameRange     '5.69.1',
275 silly addNameRange     '5.70.0',
275 silly addNameRange     '5.71.0',
275 silly addNameRange     '5.72.0',
275 silly addNameRange     '5.72.1',
275 silly addNameRange     '5.73.0',
275 silly addNameRange     '5.74.0' ] ]
276 silly addNamed webpack@4.46.0
277 verbose addNamed "4.46.0" is a plain semver version for webpack
278 silly cache afterAdd babel-core@6.26.3
279 verbose afterAdd C:\Users\Mandar\AppData\Roaming\npm-cache\babel-core\6.26.3\package\package.json not in flight; writing
280 verbose afterAdd C:\Users\Mandar\AppData\Roaming\npm-cache\babel-polyfill\6.26.0\package\package.json written
281 verbose afterAdd C:\Users\Mandar\AppData\Roaming\npm-cache\babel-preset-env\1.7.0\package\package.json written
282 verbose afterAdd C:\Users\Mandar\AppData\Roaming\npm-cache\npm-watch\0.6.0\package\package.json written
283 verbose afterAdd C:\Users\Mandar\AppData\Roaming\npm-cache\babel-loader\8.2.5\package\package.json written
284 silly cache afterAdd webpack@4.46.0
285 verbose afterAdd C:\Users\Mandar\AppData\Roaming\npm-cache\webpack\4.46.0\package\package.json not in flight; writing
286 verbose afterAdd C:\Users\Mandar\AppData\Roaming\npm-cache\babel-core\6.26.3\package\package.json written
287 verbose afterAdd C:\Users\Mandar\AppData\Roaming\npm-cache\webpack\4.46.0\package\package.json written
288 http 304 https://registry.npmjs.org/@babel%2fpreset-env
289 verbose headers { date: 'Tue, 04 Oct 2022 01:04:09 GMT',
289 verbose headers   connection: 'keep-alive',
289 verbose headers   'cf-ray': '754a006ccab16edd-BOM',
289 verbose headers   'cache-control': 'public, max-age=300',
289 verbose headers   etag: '"2a99e423c9bf2c2e44e7d2a35ac48d5d"',
289 verbose headers   'last-modified': 'Tue, 27 Sep 2022 18:36:51 GMT',
289 verbose headers   vary: 'Accept-Encoding',
289 verbose headers   'cf-cache-status': 'REVALIDATED',
289 verbose headers   'x-amz-replication-status': 'PENDING',
289 verbose headers   server: 'cloudflare' }
290 silly get cb [ 304,
290 silly get   { date: 'Tue, 04 Oct 2022 01:04:09 GMT',
290 silly get     connection: 'keep-alive',
290 silly get     'cf-ray': '754a006ccab16edd-BOM',
290 silly get     'cache-control': 'public, max-age=300',
290 silly get     etag: '"2a99e423c9bf2c2e44e7d2a35ac48d5d"',
290 silly get     'last-modified': 'Tue, 27 Sep 2022 18:36:51 GMT',
290 silly get     vary: 'Accept-Encoding',
290 silly get     'cf-cache-status': 'REVALIDATED',
290 silly get     'x-amz-replication-status': 'PENDING',
290 silly get     server: 'cloudflare' } ]
291 verbose etag https://registry.npmjs.org/@babel%2fpreset-env from cache
292 verbose get saving @babel/preset-env to C:\Users\Mandar\AppData\Roaming\npm-cache\registry.npmjs.org\_40babel_252fpreset-env\.cache.json
293 verbose stack Error: Missing required argument #1
293 verbose stack     at andLogAndFinish (C:\Program Files (x86)\Microsoft Visual Studio\2017\Community\Web\External\node_modules\npm\lib\fetch-package-metadata.js:30:3)
293 verbose stack     at fetchPackageMetadata (C:\Program Files (x86)\Microsoft Visual Studio\2017\Community\Web\External\node_modules\npm\lib\fetch-package-metadata.js:50:22)
293 verbose stack     at resolveWithNewModule (C:\Program Files (x86)\Microsoft Visual Studio\2017\Community\Web\External\node_modules\npm\lib\install\deps.js:401:12)
293 verbose stack     at C:\Program Files (x86)\Microsoft Visual Studio\2017\Community\Web\External\node_modules\npm\lib\install\deps.js:402:7
293 verbose stack     at C:\Program Files (x86)\Microsoft Visual Studio\2017\Community\Web\External\node_modules\iferr\index.js:13:50
293 verbose stack     at C:\Program Files (x86)\Microsoft Visual Studio\2017\Community\Web\External\node_modules\npm\lib\fetch-package-metadata.js:36:12
293 verbose stack     at addRequestedAndFinish (C:\Program Files (x86)\Microsoft Visual Studio\2017\Community\Web\External\node_modules\npm\lib\fetch-package-metadata.js:72:5)
293 verbose stack     at returnAndAddMetadata (C:\Program Files (x86)\Microsoft Visual Studio\2017\Community\Web\External\node_modules\npm\lib\fetch-package-metadata.js:107:7)
293 verbose stack     at pickVersionFromRegistryDocument (C:\Program Files (x86)\Microsoft Visual Studio\2017\Community\Web\External\node_modules\npm\lib\fetch-package-metadata.js:124:20)
293 verbose stack     at C:\Program Files (x86)\Microsoft Visual Studio\2017\Community\Web\External\node_modules\iferr\index.js:13:50
294 verbose cwd D:\Source\Verify\VerifyWebAppUIChanges\VerifyWebApp
295 error Windows_NT 10.0.19044
296 error argv "C:\\Program Files (x86)\\Microsoft Visual Studio\\2017\\Community\\Web\\External\\Node.exe" "C:\\Program Files (x86)\\Microsoft Visual Studio\\2017\\Community\\Web\\External\\node_modules\\npm\\bin\\npm-cli.js" "install"
297 error node v5.4.1
298 error npm  v3.3.4
299 error code EMISSINGARG
300 error typeerror Error: Missing required argument #1
300 error typeerror     at andLogAndFinish (C:\Program Files (x86)\Microsoft Visual Studio\2017\Community\Web\External\node_modules\npm\lib\fetch-package-metadata.js:30:3)
300 error typeerror     at fetchPackageMetadata (C:\Program Files (x86)\Microsoft Visual Studio\2017\Community\Web\External\node_modules\npm\lib\fetch-package-metadata.js:50:22)
300 error typeerror     at resolveWithNewModule (C:\Program Files (x86)\Microsoft Visual Studio\2017\Community\Web\External\node_modules\npm\lib\install\deps.js:401:12)
300 error typeerror     at C:\Program Files (x86)\Microsoft Visual Studio\2017\Community\Web\External\node_modules\npm\lib\install\deps.js:402:7
300 error typeerror     at C:\Program Files (x86)\Microsoft Visual Studio\2017\Community\Web\External\node_modules\iferr\index.js:13:50
300 error typeerror     at C:\Program Files (x86)\Microsoft Visual Studio\2017\Community\Web\External\node_modules\npm\lib\fetch-package-metadata.js:36:12
300 error typeerror     at addRequestedAndFinish (C:\Program Files (x86)\Microsoft Visual Studio\2017\Community\Web\External\node_modules\npm\lib\fetch-package-metadata.js:72:5)
300 error typeerror     at returnAndAddMetadata (C:\Program Files (x86)\Microsoft Visual Studio\2017\Community\Web\External\node_modules\npm\lib\fetch-package-metadata.js:107:7)
300 error typeerror     at pickVersionFromRegistryDocument (C:\Program Files (x86)\Microsoft Visual Studio\2017\Community\Web\External\node_modules\npm\lib\fetch-package-metadata.js:124:20)
300 error typeerror     at C:\Program Files (x86)\Microsoft Visual Studio\2017\Community\Web\External\node_modules\iferr\index.js:13:50
300 error typeerror This is an error with npm itself. Please report this error at:
300 error typeerror     <http://github.com/npm/npm/issues>
301 verbose exit [ 1, true ]
